[2026/1/18 04:59:56] ========== 开始修改 ==========
[2026/1/18 04:59:56] 功能：无限金钱
[2026/1/18 04:59:56] 存档路径: /var/mobile/Containers/Data/Application/C30626B5-737E-4D5D-86B4-7E5DD8EB5712/Documents/jsb.sqlite
[2026/1/18 04:59:56] ✅ 存档文件存在，开始修改
[2026/1/18 04:59:56] ✅ 已备份到: /var/mobile/Containers/Data/Application/C30626B5-737E-4D5D-86B4-7E5DD8EB5712/Documents/jsb.sqlite.backup
[2026/1/18 04:59:56] ✅ 数据库打开成功
[2026/1/18 04:59:56] ❌ 未找到存档数据
[2026/1/18 04:59:56] ========== 修改结束 ==========

[2026/1/18 04:59:58] ========== 开始修改 ==========
[2026/1/18 04:59:58] 功能：无限金条
[2026/1/18 04:59:58] 存档路径: /var/mobile/Containers/Data/Application/C30626B5-737E-4D5D-86B4-7E5DD8EB5712/Documents/jsb.sqlite
[2026/1/18 04:59:58] ✅ 存档文件存在，开始修改
[2026/1/18 04:59:58] ✅ 已备份到: /var/mobile/Containers/Data/Application/C30626B5-737E-4D5D-86B4-7E5DD8EB5712/Documents/jsb.sqlite.backup
[2026/1/18 04:59:58] ✅ 数据库打开成功
[2026/1/18 04:59:58] ❌ 未找到存档数据
[2026/1/18 04:59:58] ========== 修改结束 ==========

[2026/1/18 04:59:59] ========== 开始修改 ==========
[2026/1/18 04:59:59] 功能：无限体力
[2026/1/18 04:59:59] 存档路径: /var/mobile/Containers/Data/Application/C30626B5-737E-4D5D-86B4-7E5DD8EB5712/Documents/jsb.sqlite
[2026/1/18 04:59:59] ✅ 存档文件存在，开始修改
[2026/1/18 04:59:59] ✅ 已备份到: /var/mobile/Containers/Data/Application/C30626B5-737E-4D5D-86B4-7E5DD8EB5712/Documents/jsb.sqlite.backup
[2026/1/18 04:59:59] ✅ 数据库打开成功
[2026/1/18 04:59:59] ❌ 未找到存档数据
[2026/1/18 04:59:59] ========== 修改结束 ==========

[2026/1/18 05:00:00] ========== 开始修改 ==========
[2026/1/18 05:00:00] 功能：无限积分
[2026/1/18 05:00:00] 存档路径: /var/mobile/Containers/Data/Application/C30626B5-737E-4D5D-86B4-7E5DD8EB5712/Documents/jsb.sqlite
[2026/1/18 05:00:00] ✅ 存档文件存在，开始修改
[2026/1/18 05:00:00] ✅ 已备份到: /var/mobile/Containers/Data/Application/C30626B5-737E-4D5D-86B4-7E5DD8EB5712/Documents/jsb.sqlite.backup
[2026/1/18 05:00:00] ✅ 数据库打开成功
[2026/1/18 05:00:00] ❌ 未找到存档数据
[2026/1/18 05:00:00] ========== 修改结束 ==========

[2026/1/18 05:00:01] ========== 开始修改 ==========
[2026/1/18 05:00:01] 功能：一键全开
[2026/1/18 05:00:01] 存档路径: /var/mobile/Containers/Data/Application/C30626B5-737E-4D5D-86B4-7E5DD8EB5712/Documents/jsb.sqlite
[2026/1/18 05:00:01] ✅ 存档文件存在，开始修改
[2026/1/18 05:00:01] ✅ 已备份到: /var/mobile/Containers/Data/Application/C30626B5-737E-4D5D-86B4-7E5DD8EB5712/Documents/jsb.sqlite.backup
[2026/1/18 05:00:01] ✅ 数据库打开成功
[2026/1/18 05:00:01] ❌ 未找到存档数据
[2026/1/18 05:00:01] ========== 修改结束 ==========

[2026/1/18 05:06:56] ========== 开始修改 ==========
[2026/1/18 05:06:56] 功能：一键全开
[2026/1/18 05:06:56] 存档路径: /var/mobile/Containers/Data/Application/C30626B5-737E-4D5D-86B4-7E5DD8EB5712/Documents/jsb.sqlite
[2026/1/18 05:06:56] ✅ 存档文件存在，开始修改
[2026/1/18 05:06:56] ✅ 已备份到: /var/mobile/Containers/Data/Application/C30626B5-737E-4D5D-86B4-7E5DD8EB5712/Documents/jsb.sqlite.backup
[2026/1/18 05:06:56] ✅ 数据库打开成功
[2026/1/18 05:06:56] 数据库中的表：
[2026/1/18 05:06:56]   - data
[2026/1/18 05:06:56] data表中的key（前10个）：
[2026/1/18 05:06:56]   - 012345678ssx45sss
[2026/1/18 05:06:56] ❌ 未找到存档数据
[2026/1/18 05:06:56] ========== 修改结束 ==========

[2026/1/18 05:06:58] ========== 开始修改 ==========
[2026/1/18 05:06:58] 功能：无限积分
[2026/1/18 05:06:58] 存档路径: /var/mobile/Containers/Data/Application/C30626B5-737E-4D5D-86B4-7E5DD8EB5712/Documents/jsb.sqlite
[2026/1/18 05:06:58] ✅ 存档文件存在，开始修改
[2026/1/18 05:06:58] ✅ 已备份到: /var/mobile/Containers/Data/Application/C30626B5-737E-4D5D-86B4-7E5DD8EB5712/Documents/jsb.sqlite.backup
[2026/1/18 05:06:58] ✅ 数据库打开成功
[2026/1/18 05:06:58] 数据库中的表：
[2026/1/18 05:06:58]   - data
[2026/1/18 05:06:58] data表中的key（前10个）：
[2026/1/18 05:06:58]   - 012345678ssx45sss
[2026/1/18 05:06:58] ❌ 未找到存档数据
[2026/1/18 05:06:58] ========== 修改结束 ==========

[2026/1/18 05:06:59] ========== 开始修改 ==========
[2026/1/18 05:06:59] 功能：无限体力
[2026/1/18 05:06:59] 存档路径: /var/mobile/Containers/Data/Application/C30626B5-737E-4D5D-86B4-7E5DD8EB5712/Documents/jsb.sqlite
[2026/1/18 05:06:59] ✅ 存档文件存在，开始修改
[2026/1/18 05:06:59] ✅ 已备份到: /var/mobile/Containers/Data/Application/C30626B5-737E-4D5D-86B4-7E5DD8EB5712/Documents/jsb.sqlite.backup
[2026/1/18 05:06:59] ✅ 数据库打开成功
[2026/1/18 05:06:59] 数据库中的表：
[2026/1/18 05:06:59]   - data
[2026/1/18 05:06:59] data表中的key（前10个）：
[2026/1/18 05:06:59]   - 012345678ssx45sss
[2026/1/18 05:06:59] ❌ 未找到存档数据
[2026/1/18 05:06:59] ========== 修改结束 ==========

[2026/1/18 05:07:01] ========== 开始修改 ==========
[2026/1/18 05:07:01] 功能：无限金条
[2026/1/18 05:07:01] 存档路径: /var/mobile/Containers/Data/Application/C30626B5-737E-4D5D-86B4-7E5DD8EB5712/Documents/jsb.sqlite
[2026/1/18 05:07:01] ✅ 存档文件存在，开始修改
[2026/1/18 05:07:01] ✅ 已备份到: /var/mobile/Containers/Data/Application/C30626B5-737E-4D5D-86B4-7E5DD8EB5712/Documents/jsb.sqlite.backup
[2026/1/18 05:07:01] ✅ 数据库打开成功
[2026/1/18 05:07:01] 数据库中的表：
[2026/1/18 05:07:01]   - data
[2026/1/18 05:07:01] data表中的key（前10个）：
[2026/1/18 05:07:01]   - 012345678ssx45sss
[2026/1/18 05:07:01] ❌ 未找到存档数据
[2026/1/18 05:07:01] ========== 修改结束 ==========

[2026/1/18 05:07:02] ========== 开始修改 ==========
[2026/1/18 05:07:02] 功能：无限金钱
[2026/1/18 05:07:02] 存档路径: /var/mobile/Containers/Data/Application/C30626B5-737E-4D5D-86B4-7E5DD8EB5712/Documents/jsb.sqlite
[2026/1/18 05:07:02] ✅ 存档文件存在，开始修改
[2026/1/18 05:07:02] ✅ 已备份到: /var/mobile/Containers/Data/Application/C30626B5-737E-4D5D-86B4-7E5DD8EB5712/Documents/jsb.sqlite.backup
[2026/1/18 05:07:02] ✅ 数据库打开成功
[2026/1/18 05:07:02] 数据库中的表：
[2026/1/18 05:07:02]   - data
[2026/1/18 05:07:02] data表中的key（前10个）：
[2026/1/18 05:07:02]   - 012345678ssx45sss
[2026/1/18 05:07:02] ❌ 未找到存档数据
[2026/1/18 05:07:02] ========== 修改结束 ==========

[2026/1/18 05:12:48] ========== 开始修改 ==========
[2026/1/18 05:12:48] 功能：无限金钱
[2026/1/18 05:12:48] 存档路径: /var/mobile/Containers/Data/Application/C30626B5-737E-4D5D-86B4-7E5DD8EB5712/Documents/jsb.sqlite
[2026/1/18 05:12:48] ✅ 存档文件存在，开始修改
[2026/1/18 05:12:48] ✅ 已备份到: /var/mobile/Containers/Data/Application/C30626B5-737E-4D5D-86B4-7E5DD8EB5712/Documents/jsb.sqlite.backup
[2026/1/18 05:12:48] ✅ 数据库打开成功
[2026/1/18 05:12:48] 数据库中的表：
[2026/1/18 05:12:48]   - data
[2026/1/18 05:12:48] data表中的key（前10个）：
[2026/1/18 05:12:48]   - 012345678ssx45sss
[2026/1/18 05:12:48] ✅ 读取到存档数据，长度: 11573
[2026/1/18 05:12:48] ✅ JSON解析成功
[2026/1/18 05:12:48] 修改前: money=3000, mine=0, power=0, mood=100, integral=0
[2026/1/18 05:12:48] 修改后: money=999999999, mine=0, power=0, mood=100, integral=0
[2026/1/18 05:12:48] ✅ 新JSON长度: 11578
[2026/1/18 05:12:48] ❌ 数据库更新失败: database is locked
[2026/1/18 05:12:48] ========== 修改结束 ==========

[2026/1/18 05:12:50] ========== 开始修改 ==========
[2026/1/18 05:12:50] 功能：无限金条
[2026/1/18 05:12:50] 存档路径: /var/mobile/Containers/Data/Application/C30626B5-737E-4D5D-86B4-7E5DD8EB5712/Documents/jsb.sqlite
[2026/1/18 05:12:50] ✅ 存档文件存在，开始修改
[2026/1/18 05:12:50] ✅ 已备份到: /var/mobile/Containers/Data/Application/C30626B5-737E-4D5D-86B4-7E5DD8EB5712/Documents/jsb.sqlite.backup
[2026/1/18 05:12:50] ✅ 数据库打开成功
[2026/1/18 05:12:50] 数据库中的表：
[2026/1/18 05:12:50]   - data
[2026/1/18 05:12:50] data表中的key（前10个）：
[2026/1/18 05:12:50]   - 012345678ssx45sss
[2026/1/18 05:12:50] ✅ 读取到存档数据，长度: 11573
[2026/1/18 05:12:50] ✅ JSON解析成功
[2026/1/18 05:12:50] 修改前: money=3000, mine=0, power=0, mood=100, integral=0
[2026/1/18 05:12:50] 修改后: money=3000, mine=999999999, power=0, mood=100, integral=0
[2026/1/18 05:12:50] ✅ 新JSON长度: 11581
[2026/1/18 05:12:50] ❌ 数据库更新失败: database is locked
[2026/1/18 05:12:50] ========== 修改结束 ==========

[2026/1/18 05:12:51] ========== 开始修改 ==========
[2026/1/18 05:12:51] 功能：无限体力
[2026/1/18 05:12:51] 存档路径: /var/mobile/Containers/Data/Application/C30626B5-737E-4D5D-86B4-7E5DD8EB5712/Documents/jsb.sqlite
[2026/1/18 05:12:51] ✅ 存档文件存在，开始修改
[2026/1/18 05:12:51] ✅ 已备份到: /var/mobile/Containers/Data/Application/C30626B5-737E-4D5D-86B4-7E5DD8EB5712/Documents/jsb.sqlite.backup
[2026/1/18 05:12:51] ✅ 数据库打开成功
[2026/1/18 05:12:51] 数据库中的表：
[2026/1/18 05:12:51]   - data
[2026/1/18 05:12:51] data表中的key（前10个）：
[2026/1/18 05:12:51]   - 012345678ssx45sss
[2026/1/18 05:12:51] ✅ 读取到存档数据，长度: 11573
[2026/1/18 05:12:51] ✅ JSON解析成功
[2026/1/18 05:12:51] 修改前: money=3000, mine=0, power=0, mood=100, integral=0
[2026/1/18 05:12:51] 修改后: money=3000, mine=0, power=999999999, mood=100, integral=0
[2026/1/18 05:12:51] ✅ 新JSON长度: 11585
[2026/1/18 05:12:51] ❌ 数据库更新失败: database is locked
[2026/1/18 05:12:51] ========== 修改结束 ==========

[2026/1/18 05:12:53] ========== 开始修改 ==========
[2026/1/18 05:12:53] 功能：无限积分
[2026/1/18 05:12:53] 存档路径: /var/mobile/Containers/Data/Application/C30626B5-737E-4D5D-86B4-7E5DD8EB5712/Documents/jsb.sqlite
[2026/1/18 05:12:53] ✅ 存档文件存在，开始修改
[2026/1/18 05:12:53] ✅ 已备份到: /var/mobile/Containers/Data/Application/C30626B5-737E-4D5D-86B4-7E5DD8EB5712/Documents/jsb.sqlite.backup
[2026/1/18 05:12:53] ✅ 数据库打开成功
[2026/1/18 05:12:53] 数据库中的表：
[2026/1/18 05:12:53]   - data
[2026/1/18 05:12:53] data表中的key（前10个）：
[2026/1/18 05:12:53]   - 012345678ssx45sss
[2026/1/18 05:12:53] ✅ 读取到存档数据，长度: 11573
[2026/1/18 05:12:53] ✅ JSON解析成功
[2026/1/18 05:12:53] 修改前: money=3000, mine=0, power=0, mood=100, integral=0
[2026/1/18 05:12:53] 修改后: money=3000, mine=0, power=0, mood=100, integral=999999999
[2026/1/18 05:12:53] ✅ 新JSON长度: 11585
[2026/1/18 05:12:53] ❌ 数据库更新失败: database is locked
[2026/1/18 05:12:53] ========== 修改结束 ==========

[2026/1/18 05:12:54] ========== 开始修改 ==========
[2026/1/18 05:12:54] 功能：一键全开
[2026/1/18 05:12:54] 存档路径: /var/mobile/Containers/Data/Application/C30626B5-737E-4D5D-86B4-7E5DD8EB5712/Documents/jsb.sqlite
[2026/1/18 05:12:54] ✅ 存档文件存在，开始修改
[2026/1/18 05:12:54] ✅ 已备份到: /var/mobile/Containers/Data/Application/C30626B5-737E-4D5D-86B4-7E5DD8EB5712/Documents/jsb.sqlite.backup
[2026/1/18 05:12:54] ✅ 数据库打开成功
[2026/1/18 05:12:54] 数据库中的表：
[2026/1/18 05:12:54]   - data
[2026/1/18 05:12:54] data表中的key（前10个）：
[2026/1/18 05:12:54]   - 012345678ssx45sss
[2026/1/18 05:12:54] ✅ 读取到存档数据，长度: 11573
[2026/1/18 05:12:54] ✅ JSON解析成功
[2026/1/18 05:12:54] 修改前: money=3000, mine=0, power=0, mood=100, integral=0
[2026/1/18 05:12:54] 修改后: money=999999999, mine=999999999, power=999999999, mood=100, integral=999999999
[2026/1/18 05:12:54] ✅ 新JSON长度: 11606
[2026/1/18 05:12:54] ❌ 数据库更新失败: database is locked
[2026/1/18 05:12:54] ========== 修改结束 ==========

