[2026/1/20 21:30:05] ========== å¼€å§‹ä¿®æ”¹ ==========
[2026/1/20 21:30:05] åŠŸèƒ½ï¼šæ— é™é‡‘é’±
[2026/1/20 21:30:05] ========== å¼€å§‹å…¨æ–¹ä½Hookæ‹¦æˆªä¿®æ”¹ v14.4 ==========
[2026/1/20 21:30:05] ðŸ”§ å¼€å§‹å®‰è£…å…¨æ–¹ä½Hookæ‹¦æˆªå™¨...
[2026/1/20 21:30:05] âœ… NSUserDefaults objectForKey: Hookå®‰è£…æˆåŠŸ
[2026/1/20 21:30:05] âœ… NSUserDefaults integerForKey: Hookå®‰è£…æˆåŠŸ
[2026/1/20 21:30:05] âœ… NSDictionary objectForKey: Hookå®‰è£…æˆåŠŸ
[2026/1/20 21:30:05] âœ… NSMutableDictionary objectForKey: Hookå®‰è£…æˆåŠŸ
[2026/1/20 21:30:05] ðŸŽ‰ å…¨æ–¹ä½Hookæ‹¦æˆªå™¨å®‰è£…å®Œæˆï¼
[2026/1/20 21:30:05] ðŸ“Š ç›‘æŽ§èŒƒå›´ï¼šNSUserDefaults + NSDictionary + NSMutableDictionary
[2026/1/20 21:30:05] ðŸ’° å¯ç”¨é‡‘é’±Hook: 999999999
[2026/1/20 21:30:05] ðŸŽ¯ å…¨æ–¹ä½Hookæ‹¦æˆªå™¨å·²æ¿€æ´»
[2026/1/20 21:30:05] ðŸ“Š ç›‘æŽ§æ‰€æœ‰æ•°æ®è¯»å–æ“ä½œï¼Œè‡ªåŠ¨è®°å½•åˆ°æ—¥å¿—
[2026/1/20 21:30:05] ðŸ’¡ æç¤ºï¼šåœ¨æ¸¸æˆä¸­è¿›è¡Œæ“ä½œï¼ŒæŸ¥çœ‹æ—¥å¿—äº†è§£æ•°æ®è¯»å–æƒ…å†µ
[2026/1/20 21:30:05] ========== å…¨æ–¹ä½Hookæ‹¦æˆªä¿®æ”¹å®Œæˆ ==========
[2026/1/20 21:30:05] ========== ä¿®æ”¹ç»“æŸ ==========

[2026/1/20 21:30:06] ðŸ“ æ£€æµ‹åˆ°æ•°å€¼è¯»å–: com.anythink.UserDefaultsLoadCaps_7994531 = {
    cap = 4;
    date = "2026-01-20 13:10:41 +0000";
}
[2026/1/20 21:30:06] ðŸ“ æ£€æµ‹åˆ°æ•°å€¼è¯»å–: kGDTDeviceH265ForceResetDownGradeVersionKey = 0
[2026/1/20 21:30:06] ðŸ“ æ£€æµ‹åˆ°æ•´æ•°è¯»å–: dvmdwfrquptm = 1768911238
[2026/1/20 21:30:06] ðŸ“ æ£€æµ‹åˆ°æ•°å€¼è¯»å–: GDTDefaultUA = Mozilla/5.0 (iPhone; CPU iPhone OS 16_2 like Mac OS X) AppleWebKit/605.1.15 (KHTML, like Gecko) Mobile/15E148
[2026/1/20 21:30:06] ðŸ“ æ£€æµ‹åˆ°æ•°å€¼è¯»å–: GDTDefaultUA = Mozilla/5.0 (iPhone; CPU iPhone OS 16_2 like Mac OS X) AppleWebKit/605.1.15 (KHTML, like Gecko) Mobile/15E148
[2026/1/20 21:30:06] ðŸ“ æ£€æµ‹åˆ°æ•°å€¼è¯»å–: com.anythink.UserDefaultsLoadCaps_7994532 = {
    cap = 4;
    date = "2026-01-20 13:10:41 +0000";
}
[2026/1/20 21:30:06] ðŸ“ æ£€æµ‹åˆ°æ•°å€¼è¯»å–: kGDTDeviceH265ForceResetDownGradeVersionKey = 0
[2026/1/20 21:30:06] ðŸ“ æ£€æµ‹åˆ°æ•´æ•°è¯»å–: dvmdwfrquptm = 1768911238
[2026/1/20 21:30:06] ðŸ“ æ£€æµ‹åˆ°æ•°å€¼è¯»å–: GDTDefaultUA = Mozilla/5.0 (iPhone; CPU iPhone OS 16_2 like Mac OS X) AppleWebKit/605.1.15 (KHTML, like Gecko) Mobile/15E148
[2026/1/20 21:30:06] ðŸ“ æ£€æµ‹åˆ°æ•°å€¼è¯»å–: GDTDefaultUA = Mozilla/5.0 (iPhone; CPU iPhone OS 16_2 like Mac OS X) AppleWebKit/605.1.15 (KHTML, like Gecko) Mobile/15E148
[2026/1/20 21:30:06] ðŸ“ æ£€æµ‹åˆ°æ•°å€¼è¯»å–: com.anythink.UserDefaultsLoadCaps_11574694 = {
    cap = 4;
    date = "2026-01-20 13:10:41 +0000";
}
[2026/1/20 21:30:06] ðŸ“ æ£€æµ‹åˆ°æ•°å€¼è¯»å–: kCSJReportAppEnvDateKey = 2026-01-19 21:51:47 +0000
[2026/1/20 21:30:06] ðŸ“ æ£€æµ‹åˆ°æ•´æ•°è¯»å–: csj_app_open_cnt = 13
[2026/1/20 21:30:06] ðŸ“ æ£€æµ‹åˆ°æ•°å€¼è¯»å–: 1371-1-tb-sdi = {length = 173, bytes = 0x42565230 68445675 51477135 5a663471 ... 4e734744 5977452a }
[2026/1/20 21:30:06] ðŸ“ æ£€æµ‹åˆ°æ•°å€¼è¯»å–: com.anythink.UserDefaultsLoadCaps_7994533 = {
    cap = 3;
    date = "2026-01-20 13:10:42 +0000";
}
[2026/1/20 21:30:06] ðŸ“ æ£€æµ‹åˆ°æ•°å€¼è¯»å–: kGDTDeviceH265ForceResetDownGradeVersionKey = 0
[2026/1/20 21:30:06] ðŸ“ æ£€æµ‹åˆ°æ•´æ•°è¯»å–: dvmdwfrquptm = 1768911238
[2026/1/20 21:30:06] ðŸ“ æ£€æµ‹åˆ°æ•°å€¼è¯»å–: GDTDefaultUA = Mozilla/5.0 (iPhone; CPU iPhone OS 16_2 like Mac OS X) AppleWebKit/605.1.15 (KHTML, like Gecko) Mobile/15E148
[2026/1/20 21:30:06] ðŸ“ æ£€æµ‹åˆ°æ•°å€¼è¯»å–: GDTDefaultUA = Mozilla/5.0 (iPhone; CPU iPhone OS 16_2 like Mac OS X) AppleWebKit/605.1.15 (KHTML, like Gecko) Mobile/15E148
[2026/1/20 21:30:06] ðŸ“ æ£€æµ‹åˆ°æ•°å€¼è¯»å–: com.anythink.UserDefaultsLoadCaps_11574695 = {
    cap = 4;
    date = "2026-01-20 13:10:41 +0000";
}
[2026/1/20 21:30:06] ðŸ“ æ£€æµ‹åˆ°æ•°å€¼è¯»å–: kCSJReportAppEnvDateKey = 2026-01-19 21:51:47 +0000
[2026/1/20 21:30:06] ðŸ“ æ£€æµ‹åˆ°æ•´æ•°è¯»å–: csj_app_open_cnt = 13
[2026/1/20 21:30:06] ðŸ“ æ£€æµ‹åˆ°æ•°å€¼è¯»å–: 1371-1-tb-sdi = {length = 173, bytes = 0x42565230 68445675 51477135 5a663471 ... 4e734744 5977452a }
[2026/1/20 21:30:06] ðŸ“ æ£€æµ‹åˆ°æ•°å€¼è¯»å–: com.anythink.UserDefaultsLoadCaps_7994534 = {
    cap = 3;
    date = "2026-01-20 13:10:42 +0000";
}
[2026/1/20 21:30:06] ðŸ“ æ£€æµ‹åˆ°æ•°å€¼è¯»å–: kGDTDeviceH265ForceResetDownGradeVersionKey = 0
[2026/1/20 21:30:06] ðŸ“ æ£€æµ‹åˆ°æ•´æ•°è¯»å–: dvmdwfrquptm = 1768911238
[2026/1/20 21:30:06] ðŸ“ æ£€æµ‹åˆ°æ•°å€¼è¯»å–: GDTDefaultUA = Mozilla/5.0 (iPhone; CPU iPhone OS 16_2 like Mac OS X) AppleWebKit/605.1.15 (KHTML, like Gecko) Mobile/15E148
[2026/1/20 21:30:06] ðŸ“ æ£€æµ‹åˆ°æ•°å€¼è¯»å–: GDTDefaultUA = Mozilla/5.0 (iPhone; CPU iPhone OS 16_2 like Mac OS X) AppleWebKit/605.1.15 (KHTML, like Gecko) Mobile/15E148
[2026/1/20 21:30:06] ðŸ“ æ£€æµ‹åˆ°æ•°å€¼è¯»å–: com.anythink.UserDefaultsLoadCaps_11574696 = {
    cap = 3;
    date = "2026-01-20 13:10:42 +0000";
}
[2026/1/20 21:30:06] ðŸ“ æ£€æµ‹åˆ°æ•°å€¼è¯»å–: kCSJReportAppEnvDateKey = 2026-01-19 21:51:47 +0000
[2026/1/20 21:30:06] ðŸ“ æ£€æµ‹åˆ°æ•´æ•°è¯»å–: csj_app_open_cnt = 13
[2026/1/20 21:30:06] ðŸ“ æ£€æµ‹åˆ°æ•°å€¼è¯»å–: 1371-1-tb-sdi = {length = 173, bytes = 0x42565230 68445675 51477135 5a663471 ... 4e734744 5977452a }
[2026/1/20 21:30:06] ðŸ“ æ£€æµ‹åˆ°æ•°å€¼è¯»å–: 108078.com.tencent.TuringShield.settings.DFC.ExpiredDateRelease.108078 = 2026-01-20 14:22:10 +0000
[2026/1/20 21:30:06] ðŸ“ æ£€æµ‹åˆ°æ•°å€¼è¯»å–: com.anythink.UserDefaultsLoadCaps_11574697 = {
    cap = 3;
    date = "2026-01-20 13:10:42 +0000";
}
[2026/1/20 21:30:06] ðŸ“ æ£€æµ‹åˆ°æ•°å€¼è¯»å–: kCSJReportAppEnvDateKey = 2026-01-19 21:51:47 +0000
[2026/1/20 21:30:06] ðŸ“ æ£€æµ‹åˆ°æ•´æ•°è¯»å–: csj_app_open_cnt = 13
[2026/1/20 21:30:06] ðŸ“ æ£€æµ‹åˆ°æ•°å€¼è¯»å–: 1371-1-tb-sdi = {length = 173, bytes = 0x42565230 68445675 51477135 5a663471 ... 4e734744 5977452a }
[2026/1/20 21:30:07] ðŸ“ æ£€æµ‹åˆ°æ•°å€¼è¯»å–: com.anythink.UserDefaultsLoadCaps_7994535 = {
    cap = 3;
    date = "2026-01-20 13:10:42 +0000";
}
[2026/1/20 21:30:07] ðŸ“ æ£€æµ‹åˆ°æ•°å€¼è¯»å–: kGDTDeviceH265ForceResetDownGradeVersionKey = 0
[2026/1/20 21:30:07] ðŸ“ æ£€æµ‹åˆ°æ•´æ•°è¯»å–: dvmdwfrquptm = 1768911238
[2026/1/20 21:30:07] ðŸ“ æ£€æµ‹åˆ°æ•°å€¼è¯»å–: GDTDefaultUA = Mozilla/5.0 (iPhone; CPU iPhone OS 16_2 like Mac OS X) AppleWebKit/605.1.15 (KHTML, like Gecko) Mobile/15E148
[2026/1/20 21:30:07] ðŸ“ æ£€æµ‹åˆ°æ•°å€¼è¯»å–: GDTDefaultUA = Mozilla/5.0 (iPhone; CPU iPhone OS 16_2 like Mac OS X) AppleWebKit/605.1.15 (KHTML, like Gecko) Mobile/15E148
[2026/1/20 21:30:07] ðŸ“ æ£€æµ‹åˆ°æ•°å€¼è¯»å–: com.anythink.UserDefaultsLoadCaps_7994536 = {
    cap = 3;
    date = "2026-01-20 13:10:42 +0000";
}
[2026/1/20 21:30:07] ðŸ“ æ£€æµ‹åˆ°æ•°å€¼è¯»å–: kGDTDeviceH265ForceResetDownGradeVersionKey = 0
[2026/1/20 21:30:07] ðŸ“ æ£€æµ‹åˆ°æ•´æ•°è¯»å–: dvmdwfrquptm = 1768911238
[2026/1/20 21:30:07] ðŸ“ æ£€æµ‹åˆ°æ•°å€¼è¯»å–: GDTDefaultUA = Mozilla/5.0 (iPhone; CPU iPhone OS 16_2 like Mac OS X) AppleWebKit/605.1.15 (KHTML, like Gecko) Mobile/15E148
[2026/1/20 21:30:07] ðŸ“ æ£€æµ‹åˆ°æ•°å€¼è¯»å–: GDTDefaultUA = Mozilla/5.0 (iPhone; CPU iPhone OS 16_2 like Mac OS X) AppleWebKit/605.1.15 (KHTML, like Gecko) Mobile/15E148
[2026/1/20 21:30:07] ðŸ“ æ£€æµ‹åˆ°æ•°å€¼è¯»å–: com.anythink.UserDefaultsLoadCaps_11574698 = {
    cap = 3;
    date = "2026-01-20 13:10:42 +0000";
}
[2026/1/20 21:30:07] ðŸ“ æ£€æµ‹åˆ°æ•°å€¼è¯»å–: kCSJReportAppEnvDateKey = 2026-01-19 21:51:47 +0000
[2026/1/20 21:30:07] ðŸ“ æ£€æµ‹åˆ°æ•´æ•°è¯»å–: csj_app_open_cnt = 13
[2026/1/20 21:30:07] ðŸ“ æ£€æµ‹åˆ°æ•°å€¼è¯»å–: 1371-1-tb-sdi = {length = 173, bytes = 0x42565230 68445675 51477135 5a663471 ... 4e734744 5977452a }
[2026/1/20 21:30:07] ðŸ“ æ£€æµ‹åˆ°æ•°å€¼è¯»å–: com.anythink.UserDefaultsLoadCaps_7994537 = {
    cap = 3;
    date = "2026-01-20 13:10:42 +0000";
}
[2026/1/20 21:30:07] ðŸ“ æ£€æµ‹åˆ°æ•°å€¼è¯»å–: kGDTDeviceH265ForceResetDownGradeVersionKey = 0
[2026/1/20 21:30:07] ðŸ“ æ£€æµ‹åˆ°æ•´æ•°è¯»å–: dvmdwfrquptm = 1768911238
[2026/1/20 21:30:07] ðŸ“ æ£€æµ‹åˆ°æ•°å€¼è¯»å–: GDTDefaultUA = Mozilla/5.0 (iPhone; CPU iPhone OS 16_2 like Mac OS X) AppleWebKit/605.1.15 (KHTML, like Gecko) Mobile/15E148
[2026/1/20 21:30:07] ðŸ“ æ£€æµ‹åˆ°æ•°å€¼è¯»å–: GDTDefaultUA = Mozilla/5.0 (iPhone; CPU iPhone OS 16_2 like Mac OS X) AppleWebKit/605.1.15 (KHTML, like Gecko) Mobile/15E148
[2026/1/20 21:30:07] ðŸ“ æ£€æµ‹åˆ°æ•°å€¼è¯»å–: com.anythink.UserDefaultsLoadCaps_11574699 = {
    cap = 3;
    date = "2026-01-20 13:10:42 +0000";
}
[2026/1/20 21:30:07] ðŸ“ æ£€æµ‹åˆ°æ•°å€¼è¯»å–: kCSJReportAppEnvDateKey = 2026-01-19 21:51:47 +0000
[2026/1/20 21:30:07] ðŸ“ æ£€æµ‹åˆ°æ•´æ•°è¯»å–: csj_app_open_cnt = 13
[2026/1/20 21:30:07] ðŸ“ æ£€æµ‹åˆ°æ•°å€¼è¯»å–: 1371-1-tb-sdi = {length = 173, bytes = 0x42565230 68445675 51477135 5a663471 ... 4e734744 5977452a }
[2026/1/20 21:30:08] ðŸ“ æ£€æµ‹åˆ°æ•´æ•°è¯»å–: WebKitDebugDragLiftDelay = 0
[2026/1/20 21:30:08] ðŸ“ æ£€æµ‹åˆ°æ•´æ•°è¯»å–: WebKitDebugDragLiftDelay = 0
[2026/1/20 21:30:08] ðŸ“ æ£€æµ‹åˆ°æ•´æ•°è¯»å–: WebKitDebugDragLiftDelay = 0
[2026/1/20 21:30:08] ðŸ“ æ£€æµ‹åˆ°æ•´æ•°è¯»å–: WebKitDebugDragLiftDelay = 0
[2026/1/20 21:30:08] ðŸ“ æ£€æµ‹åˆ°æ•°å€¼è¯»å–: com.anythink.UserDefaultsLoadCaps_b1gatipcj9m8jb = {
    cap = 2;
    date = "2026-01-20 13:10:43 +0000";
}
[2026/1/20 21:30:08] ðŸ“ æ£€æµ‹åˆ°æ•°å€¼è¯»å–: com.anythink.UserDefaultsLoadCaps_8033198 = {
    cap = 2;
    date = "2026-01-20 13:10:43 +0000";
}
[2026/1/20 21:30:08] ðŸ“ æ£€æµ‹åˆ°æ•°å€¼è¯»å–: com.anythink.UserDefaultsLoadCaps_8033200 = {
    cap = 2;
    date = "2026-01-20 13:10:43 +0000";
}
[2026/1/20 21:30:08] ðŸ“ æ£€æµ‹åˆ°æ•°å€¼è¯»å–: com.anythink.UserDefaultsLoadCaps_b67c7cd78d6297 = {
    cap = 1;
    date = "2026-01-20 13:30:01 +0000";
}
[2026/1/20 21:30:08] ðŸ“ æ£€æµ‹åˆ°æ•°å€¼è¯»å–: com.anythink.UserDefaultsLoadCaps_8033202 = {
    cap = 2;
    date = "2026-01-20 13:10:43 +0000";
}
[2026/1/20 21:30:08] ðŸ“ æ£€æµ‹åˆ°æ•°å€¼è¯»å–: com.anythink.UserDefaultsLoadCaps_8013873 = {
    cap = 2;
    date = "2026-01-20 13:10:43 +0000";
}
[2026/1/20 21:30:08] ðŸ“ æ£€æµ‹åˆ°æ•°å€¼è¯»å–: com.anythink.UserDefaultsLoadCaps_8033203 = {
    cap = 2;
    date = "2026-01-20 13:10:43 +0000";
}
[2026/1/20 21:30:08] ðŸ“ æ£€æµ‹åˆ°æ•°å€¼è¯»å–: com.anythink.UserDefaultsLoadCaps_8013870 = {
    cap = 2;
    date = "2026-01-20 13:10:43 +0000";
}
[2026/1/20 21:30:08] ðŸ“ æ£€æµ‹åˆ°æ•°å€¼è¯»å–: com.anythink.UserDefaultsLoadCaps_8013753 = {
    cap = 2;
    date = "2026-01-20 13:10:43 +0000";
}
[2026/1/20 21:30:08] ðŸ“ æ£€æµ‹åˆ°æ•°å€¼è¯»å–: com.anythink.UserDefaultsLoadCaps_8013450 = {
    cap = 2;
    date = "2026-01-20 13:10:43 +0000";
}
[2026/1/20 21:30:08] ðŸ“ æ£€æµ‹åˆ°æ•°å€¼è¯»å–: com.anythink.UserDefaultsLoadCaps_b1gatipcj9m8jb = {
    cap = 2;
    date = "2026-01-20 13:10:43 +0000";
}
[2026/1/20 21:30:08] ðŸ“ æ£€æµ‹åˆ°æ•°å€¼è¯»å–: com.anythink.UserDefaultsLoadCaps_7997017 = {
    cap = 1;
    date = "2026-01-20 13:30:01 +0000";
}
[2026/1/20 21:30:08] ðŸ“ æ£€æµ‹åˆ°æ•°å€¼è¯»å–: com.anythink.UserDefaultsLoadCaps_8013870 = {
    cap = 2;
    date = "2026-01-20 13:10:43 +0000";
}
[2026/1/20 21:30:08] ðŸ“ æ£€æµ‹åˆ°æ•°å€¼è¯»å–: com.anythink.UserDefaultsLoadCaps_7997016 = {
    cap = 1;
    date = "2026-01-20 13:30:01 +0000";
}
[2026/1/20 21:30:08] ðŸ“ æ£€æµ‹åˆ°æ•°å€¼è¯»å–: com.anythink.UserDefaultsLoadCaps_8033198 = {
    cap = 2;
    date = "2026-01-20 13:10:43 +0000";
}
[2026/1/20 21:30:08] ðŸ“ æ£€æµ‹åˆ°æ•°å€¼è¯»å–: com.anythink.UserDefaultsLoadCaps_7997015 = {
    cap = 1;
    date = "2026-01-20 13:30:01 +0000";
}
[2026/1/20 21:30:08] ðŸ“ æ£€æµ‹åˆ°æ•°å€¼è¯»å–: com.anythink.UserDefaultsLoadCaps_8013753 = {
    cap = 2;
    date = "2026-01-20 13:10:43 +0000";
}
[2026/1/20 21:30:08] ðŸ“ æ£€æµ‹åˆ°æ•°å€¼è¯»å–: com.anythink.UserDefaultsLoadCaps_7997014 = {
    cap = 1;
    date = "2026-01-20 13:30:02 +0000";
}
[2026/1/20 21:30:08] ðŸ“ æ£€æµ‹åˆ°æ•°å€¼è¯»å–: kGDTDeviceH265ForceResetDownGradeVersionKey = 0
[2026/1/20 21:30:08] ðŸ“ æ£€æµ‹åˆ°æ•°å€¼è¯»å–: com.anythink.UserDefaultsLoadCaps_7997013 = {
    cap = 1;
    date = "2026-01-20 13:30:02 +0000";
}
[2026/1/20 21:30:08] ðŸ“ æ£€æµ‹åˆ°æ•°å€¼è¯»å–: com.anythink.UserDefaultsLoadCaps_7997012 = {
    cap = 1;
    date = "2026-01-20 13:30:02 +0000";
}
[2026/1/20 21:30:08] ðŸ“ æ£€æµ‹åˆ°æ•°å€¼è¯»å–: com.anythink.UserDefaultsLoadCaps_7997011 = {
    cap = 1;
    date = "2026-01-20 13:30:02 +0000";
}
[2026/1/20 21:30:08] ðŸ“ æ£€æµ‹åˆ°æ•°å€¼è¯»å–: com.anythink.UserDefaultsLoadCaps_8013450 = {
    cap = 2;
    date = "2026-01-20 13:10:43 +0000";
}
[2026/1/20 21:30:08] ðŸ“ æ£€æµ‹åˆ°æ•°å€¼è¯»å–: com.anythink.UserDefaultsLoadCaps_7997009 = {
    cap = 1;
    date = "2026-01-20 13:30:02 +0000";
}
[2026/1/20 21:30:08] ðŸ“ æ£€æµ‹åˆ°æ•´æ•°è¯»å–: dvmdwfrquptm = 1768911238
[2026/1/20 21:30:08] ðŸ“ æ£€æµ‹åˆ°æ•°å€¼è¯»å–: com.anythink.UserDefaultsLoadCaps_7997010 = {
    cap = 1;
    date = "2026-01-20 13:30:02 +0000";
}
[2026/1/20 21:30:08] ðŸ“ æ£€æµ‹åˆ°æ•°å€¼è¯»å–: com.anythink.UserDefaultsLoadCaps_7994523 = {
    cap = 1;
    date = "2026-01-20 13:30:02 +0000";
}
[2026/1/20 21:30:08] ðŸ“ æ£€æµ‹åˆ°æ•°å€¼è¯»å–: com.anythink.UserDefaultsLoadCaps_7994862 = {
    cap = 1;
    date = "2026-01-20 13:30:02 +0000";
}
[2026/1/20 21:30:08] ðŸ“ æ£€æµ‹åˆ°æ•°å€¼è¯»å–: GDTDefaultUA = Mozilla/5.0 (iPhone; CPU iPhone OS 16_2 like Mac OS X) AppleWebKit/605.1.15 (KHTML, like Gecko) Mobile/15E148
[2026/1/20 21:30:08] ðŸ“ æ£€æµ‹åˆ°æ•°å€¼è¯»å–: com.anythink.UserDefaultsLoadCaps_11574685 = {
    cap = 1;
    date = "2026-01-20 13:30:02 +0000";
}
[2026/1/20 21:30:08] ðŸ“ æ£€æµ‹åˆ°æ•´æ•°è¯»å–: csj_app_open_cnt = 13
[2026/1/20 21:30:08] ðŸ“ æ£€æµ‹åˆ°æ•°å€¼è¯»å–: com.anythink.UserDefaultsLoadCaps_7994524 = {
    cap = 1;
    date = "2026-01-20 13:30:02 +0000";
}
[2026/1/20 21:30:08] ðŸ“ æ£€æµ‹åˆ°æ•°å€¼è¯»å–: com.anythink.UserDefaultsLoadCaps_11574686 = {
    cap = 1;
    date = "2026-01-20 13:30:02 +0000";
}
[2026/1/20 21:30:08] ðŸ“ æ£€æµ‹åˆ°æ•´æ•°è¯»å–: csj_app_open_cnt = 13
[2026/1/20 21:30:08] ðŸ“ æ£€æµ‹åˆ°æ•°å€¼è¯»å–: com.anythink.UserDefaultsLoadCaps_7994525 = {
    cap = 1;
    date = "2026-01-20 13:30:03 +0000";
}
[2026/1/20 21:30:08] ðŸ“ æ£€æµ‹åˆ°æ•°å€¼è¯»å–: com.anythink.UserDefaultsLoadCaps_11574687 = {
    cap = 1;
    date = "2026-01-20 13:30:03 +0000";
}
[2026/1/20 21:30:08] ðŸ“ æ£€æµ‹åˆ°æ•°å€¼è¯»å–: com.anythink.UserDefaultsLoadCaps_7994526 = {
    cap = 1;
    date = "2026-01-20 13:30:03 +0000";
}
[2026/1/20 21:30:08] ðŸ“ æ£€æµ‹åˆ°æ•°å€¼è¯»å–: com.anythink.UserDefaultsLoadCaps_11574688 = {
    cap = 1;
    date = "2026-01-20 13:30:03 +0000";
}
[2026/1/20 21:30:08] ðŸ“ æ£€æµ‹åˆ°æ•°å€¼è¯»å–: com.anythink.UserDefaultsLoadCaps_11574689 = {
    cap = 1;
    date = "2026-01-20 13:30:03 +0000";
}
[2026/1/20 21:30:08] ðŸ“ æ£€æµ‹åˆ°æ•°å€¼è¯»å–: com.anythink.UserDefaultsLoadCaps_7994863 = {
    cap = 1;
    date = "2026-01-20 13:30:03 +0000";
}
[2026/1/20 21:30:08] ðŸ“ æ£€æµ‹åˆ°æ•°å€¼è¯»å–: com.anythink.UserDefaultsLoadCaps_7994527 = {
    cap = 1;
    date = "2026-01-20 13:30:04 +0000";
}
[2026/1/20 21:30:08] ðŸ“ æ£€æµ‹åˆ°æ•°å€¼è¯»å–: com.anythink.UserDefaultsLoadCaps_7994528 = {
    cap = 1;
    date = "2026-01-20 13:30:04 +0000";
}
[2026/1/20 21:30:08] ðŸ“ æ£€æµ‹åˆ°æ•°å€¼è¯»å–: kGDTDeviceH265ForceResetDownGradeVersionKey = 0
[2026/1/20 21:30:08] ðŸ“ æ£€æµ‹åˆ°æ•°å€¼è¯»å–: com.anythink.UserDefaultsLoadCaps_11574690 = {
    cap = 1;
    date = "2026-01-20 13:30:04 +0000";
}
[2026/1/20 21:30:08] ðŸ“ æ£€æµ‹åˆ°æ•°å€¼è¯»å–: com.anythink.UserDefaultsLoadCaps_7994529 = {
    cap = 1;
    date = "2026-01-20 13:30:04 +0000";
}
[2026/1/20 21:30:08] ðŸ“ æ£€æµ‹åˆ°æ•°å€¼è¯»å–: com.anythink.UserDefaultsLoadCaps_11574691 = {
    cap = 1;
    date = "2026-01-20 13:30:04 +0000";
}
[2026/1/20 21:30:08] ðŸ“ æ£€æµ‹åˆ°æ•°å€¼è¯»å–: com.anythink.UserDefaultsLoadCaps_7994530 = {
    cap = 1;
    date = "2026-01-20 13:30:04 +0000";
}
[2026/1/20 21:30:08] ðŸ“ æ£€æµ‹åˆ°æ•´æ•°è¯»å–: dvmdwfrquptm = 1768911238
[2026/1/20 21:30:08] ðŸ“ æ£€æµ‹åˆ°æ•°å€¼è¯»å–: com.anythink.UserDefaultsLoadCaps_11574692 = {
    cap = 1;
    date = "2026-01-20 13:30:04 +0000";
}
[2026/1/20 21:30:08] ðŸ“ æ£€æµ‹åˆ°æ•°å€¼è¯»å–: com.anythink.UserDefaultsLoadCaps_7994864 = {
    cap = 1;
    date = "2026-01-20 13:30:05 +0000";
}
[2026/1/20 21:30:08] ðŸ“ æ£€æµ‹åˆ°æ•°å€¼è¯»å–: GDTDefaultUA = Mozilla/5.0 (iPhone; CPU iPhone OS 16_2 like Mac OS X) AppleWebKit/605.1.15 (KHTML, like Gecko) Mobile/15E148
[2026/1/20 21:30:08] ðŸ“ æ£€æµ‹åˆ°æ•°å€¼è¯»å–: com.anythink.UserDefaultsLoadCaps_7994531 = {
    cap = 1;
    date = "2026-01-20 13:30:06 +0000";
}
[2026/1/20 21:30:08] ðŸ“ æ£€æµ‹åˆ°æ•°å€¼è¯»å–: com.anythink.UserDefaultsLoadCaps_11574693 = {
    cap = 1;
    date = "2026-01-20 13:30:05 +0000";
}
[2026/1/20 21:30:08] ðŸ“ æ£€æµ‹åˆ°æ•°å€¼è¯»å–: com.anythink.UserDefaultsLoadCaps_11574694 = {
    cap = 1;
    date = "2026-01-20 13:30:06 +0000";
}
[2026/1/20 21:30:08] ðŸ“ æ£€æµ‹åˆ°æ•°å€¼è¯»å–: com.anythink.UserDefaultsLoadCaps_7994532 = {
    cap = 1;
    date = "2026-01-20 13:30:06 +0000";
}
[2026/1/20 21:30:08] ðŸ“ æ£€æµ‹åˆ°æ•°å€¼è¯»å–: com.anythink.UserDefaultsLoadCaps_11574695 = {
    cap = 1;
    date = "2026-01-20 13:30:06 +0000";
}
[2026/1/20 21:30:08] ðŸ“ æ£€æµ‹åˆ°æ•°å€¼è¯»å–: com.anythink.UserDefaultsLoadCaps_7994533 = {
    cap = 1;
    date = "2026-01-20 13:30:06 +0000";
}
[2026/1/20 21:30:08] ðŸ“ æ£€æµ‹åˆ°æ•°å€¼è¯»å–: com.anythink.UserDefaultsLoadCaps_11574696 = {
    cap = 1;
    date = "2026-01-20 13:30:06 +0000";
}
[2026/1/20 21:30:08] ðŸ“ æ£€æµ‹åˆ°æ•°å€¼è¯»å–: com.anythink.UserDefaultsLoadCaps_7994534 = {
    cap = 1;
    date = "2026-01-20 13:30:06 +0000";
}
[2026/1/20 21:30:08] ðŸ“ æ£€æµ‹åˆ°æ•°å€¼è¯»å–: com.anythink.UserDefaultsLoadCaps_11574697 = {
    cap = 1;
    date = "2026-01-20 13:30:06 +0000";
}
[2026/1/20 21:30:08] ðŸ“ æ£€æµ‹åˆ°æ•°å€¼è¯»å–: com.anythink.UserDefaultsLoadCaps_7994535 = {
    cap = 1;
    date = "2026-01-20 13:30:07 +0000";
}
[2026/1/20 21:30:08] ðŸ“ æ£€æµ‹åˆ°æ•°å€¼è¯»å–: com.anythink.UserDefaultsLoadCaps_7994536 = {
    cap = 1;
    date = "2026-01-20 13:30:07 +0000";
}
[2026/1/20 21:30:08] ðŸ“ æ£€æµ‹åˆ°æ•°å€¼è¯»å–: com.anythink.UserDefaultsLoadCaps_11574698 = {
    cap = 1;
    date = "2026-01-20 13:30:07 +0000";
}
[2026/1/20 21:30:08] ðŸ“ æ£€æµ‹åˆ°æ•°å€¼è¯»å–: com.anythink.UserDefaultsLoadCaps_11574699 = {
    cap = 1;
    date = "2026-01-20 13:30:07 +0000";
}
[2026/1/20 21:30:08] ðŸ“ æ£€æµ‹åˆ°æ•°å€¼è¯»å–: com.anythink.UserDefaultsLoadCaps_7994537 = {
    cap = 1;
    date = "2026-01-20 13:30:07 +0000";
}
[2026/1/20 21:30:08] ðŸ“ æ£€æµ‹åˆ°æ•°å€¼è¯»å–: com.anythink.UserDefaultsLoadCaps_7994538 = {
    cap = 3;
    date = "2026-01-20 13:10:42 +0000";
}
[2026/1/20 21:30:08] ðŸ“ æ£€æµ‹åˆ°æ•°å€¼è¯»å–: com.anythink.UserDefaultsLoadCaps_7994539 = {
    cap = 3;
    date = "2026-01-20 13:10:43 +0000";
}
[2026/1/20 21:30:08] ðŸ“ æ£€æµ‹åˆ°æ•°å€¼è¯»å–: com.anythink.UserDefaultsLoadCaps_11574700 = {
    cap = 3;
    date = "2026-01-20 13:10:43 +0000";
}
[2026/1/20 21:30:08] ðŸ“ æ£€æµ‹åˆ°æ•°å€¼è¯»å–: com.anythink.UserDefaultsLoadCaps_7994540 = {
    cap = 2;
    date = "2026-01-20 13:22:08 +0000";
}
[2026/1/20 21:30:08] ðŸ“ æ£€æµ‹åˆ°æ•°å€¼è¯»å–: com.anythink.UserDefaultsLoadCaps_11574701 = {
    cap = 2;
    date = "2026-01-20 13:22:08 +0000";
}
[2026/1/20 21:30:08] ðŸ“ æ£€æµ‹åˆ°æ•°å€¼è¯»å–: com.anythink.UserDefaultsLoadCaps_7994541 = {
    cap = 2;
    date = "2026-01-20 13:22:09 +0000";
}
[2026/1/20 21:30:08] ðŸ“ æ£€æµ‹åˆ°æ•°å€¼è¯»å–: com.anythink.UserDefaultsLoadCaps_7994865 = {
    cap = 2;
    date = "2026-01-20 13:22:09 +0000";
}
[2026/1/20 21:30:08] ðŸ“ æ£€æµ‹åˆ°æ•°å€¼è¯»å–: com.anythink.UserDefaultsLoadCaps_11574702 = {
    cap = 2;
    date = "2026-01-20 13:22:09 +0000";
}
[2026/1/20 21:30:08] ðŸ“ æ£€æµ‹åˆ°æ•°å€¼è¯»å–: com.anythink.UserDefaultsLoadCaps_7994542 = {
    cap = 2;
    date = "2026-01-20 13:22:09 +0000";
}
[2026/1/20 21:30:08] ðŸ“ æ£€æµ‹åˆ°æ•°å€¼è¯»å–: com.anythink.UserDefaultsLoadCaps_11574703 = {
    cap = 2;
    date = "2026-01-20 13:22:09 +0000";
}
[2026/1/20 21:30:08] ðŸ“ æ£€æµ‹åˆ°æ•°å€¼è¯»å–: com.anythink.UserDefaultsLoadCaps_11574704 = {
    cap = 1;
    date = "2026-01-20 13:22:21 +0000";
}
[2026/1/20 21:30:08] ðŸ“ æ£€æµ‹åˆ°æ•°å€¼è¯»å–: com.anythink.UserDefaultsLoadCaps_7983296 = {
    cap = 1;
    date = "2026-01-20 13:30:01 +0000";
}
[2026/1/20 21:30:08] ðŸ“ æ£€æµ‹åˆ°æ•°å€¼è¯»å–: com.anythink.UserDefaultsLoadCaps_7974205 = {
    cap = 1;
    date = "2026-01-20 13:30:01 +0000";
}
[2026/1/20 21:30:08] ðŸ“ æ£€æµ‹åˆ°æ•°å€¼è¯»å–: com.anythink.UserDefaultsLoadCaps_7993859 = {
    cap = 1;
    date = "2026-01-20 13:30:02 +0000";
}
[2026/1/20 21:30:08] ðŸ“ æ£€æµ‹åˆ°æ•°å€¼è¯»å–: com.anythink.UserDefaultsLoadCaps_7943551 = {
    cap = 1;
    date = "2026-01-20 13:30:02 +0000";
}
[2026/1/20 21:30:08] ðŸ“ æ£€æµ‹åˆ°æ•°å€¼è¯»å–: com.anythink.UserDefaultsLoadCaps_b67c7cd78d6297 = {
    cap = 1;
    date = "2026-01-20 13:30:01 +0000";
}
[2026/1/20 21:30:08] ðŸ“ æ£€æµ‹åˆ°æ•°å€¼è¯»å–: com.anythink.UserDefaultsLoadCaps_7983296 = {
    cap = 1;
    date = "2026-01-20 13:30:01 +0000";
}
[2026/1/20 21:30:08] ðŸ“ æ£€æµ‹åˆ°æ•°å€¼è¯»å–: com.anythink.UserDefaultsLoadCaps_7997017 = {
    cap = 1;
    date = "2026-01-20 13:30:01 +0000";
}
[2026/1/20 21:30:08] ðŸ“ æ£€æµ‹åˆ°æ•°å€¼è¯»å–: com.anythink.UserDefaultsLoadCaps_7974205 = {
    cap = 1;
    date = "2026-01-20 13:30:01 +0000";
}
[2026/1/20 21:30:08] ðŸ“ æ£€æµ‹åˆ°æ•°å€¼è¯»å–: kGDTDeviceH265ForceResetDownGradeVersionKey = 0
[2026/1/20 21:30:08] ðŸ“ æ£€æµ‹åˆ°æ•´æ•°è¯»å–: dvmdwfrquptm = 1768911238
[2026/1/20 21:30:08] ðŸ“ æ£€æµ‹åˆ°æ•°å€¼è¯»å–: GDTDefaultUA = Mozilla/5.0 (iPhone; CPU iPhone OS 16_2 like Mac OS X) AppleWebKit/605.1.15 (KHTML, like Gecko) Mobile/15E148
[2026/1/20 21:30:08] ðŸ“ æ£€æµ‹åˆ°æ•´æ•°è¯»å–: csj_app_open_cnt = 13
[2026/1/20 21:30:08] ðŸ“ æ£€æµ‹åˆ°æ•´æ•°è¯»å–: csj_app_open_cnt = 13
[2026/1/20 21:30:08] ðŸ“ æ£€æµ‹åˆ°æ•°å€¼è¯»å–: kGDTDeviceH265ForceResetDownGradeVersionKey = 0
[2026/1/20 21:30:08] ðŸ“ æ£€æµ‹åˆ°æ•´æ•°è¯»å–: dvmdwfrquptm = 1768911238
[2026/1/20 21:30:08] ðŸ“ æ£€æµ‹åˆ°æ•°å€¼è¯»å–: GDTDefaultUA = Mozilla/5.0 (iPhone; CPU iPhone OS 16_2 like Mac OS X) AppleWebKit/605.1.15 (KHTML, like Gecko) Mobile/15E148
[2026/1/20 21:30:08] ðŸ“ æ£€æµ‹åˆ°æ•°å€¼è¯»å–: com.anythink.UserDefaultsLoadCaps_7943551 = {
    cap = 1;
    date = "2026-01-20 13:30:02 +0000";
}
[2026/1/20 21:30:08] ðŸ“ æ£€æµ‹åˆ°æ•°å€¼è¯»å–: com.anythink.UserDefaultsLoadCaps_7993859 = {
    cap = 1;
    date = "2026-01-20 13:30:02 +0000";
}
[2026/1/20 21:30:08] ðŸ“ æ£€æµ‹åˆ°æ•°å€¼è¯»å–: GDTDefaultUA = Mozilla/5.0 (iPhone; CPU iPhone OS 16_2 like Mac OS X) AppleWebKit/605.1.15 (KHTML, like Gecko) Mobile/15E148
[2026/1/20 21:30:08] ðŸ“ æ£€æµ‹åˆ°æ•°å€¼è¯»å–: com.anythink.UserDefaultsLoadCaps_8033200 = {
    cap = 2;
    date = "2026-01-20 13:10:43 +0000";
}
[2026/1/20 21:30:08] ðŸ“ æ£€æµ‹åˆ°æ•°å€¼è¯»å–: kGDTDeviceH265ForceResetDownGradeVersionKey = 0
[2026/1/20 21:30:08] ðŸ“ æ£€æµ‹åˆ°æ•´æ•°è¯»å–: dvmdwfrquptm = 1768911238
[2026/1/20 21:30:08] ðŸ“ æ£€æµ‹åˆ°æ•°å€¼è¯»å–: GDTDefaultUA = Mozilla/5.0 (iPhone; CPU iPhone OS 16_2 like Mac OS X) AppleWebKit/605.1.15 (KHTML, like Gecko) Mobile/15E148
[2026/1/20 21:30:08] ðŸ“ æ£€æµ‹åˆ°æ•°å€¼è¯»å–: GDTDefaultUA = Mozilla/5.0 (iPhone; CPU iPhone OS 16_2 like Mac OS X) AppleWebKit/605.1.15 (KHTML, like Gecko) Mobile/15E148
[2026/1/20 21:30:08] ðŸ“ æ£€æµ‹åˆ°æ•°å€¼è¯»å–: com.anythink.UserDefaultsLoadCaps_7997016 = {
    cap = 1;
    date = "2026-01-20 13:30:01 +0000";
}
[2026/1/20 21:30:08] ðŸ“ æ£€æµ‹åˆ°æ•°å€¼è¯»å–: kGDTDeviceH265ForceResetDownGradeVersionKey = 0
[2026/1/20 21:30:08] ðŸ“ æ£€æµ‹åˆ°æ•´æ•°è¯»å–: dvmdwfrquptm = 1768911238
[2026/1/20 21:30:08] ðŸ“ æ£€æµ‹åˆ°æ•°å€¼è¯»å–: GDTDefaultUA = Mozilla/5.0 (iPhone; CPU iPhone OS 16_2 like Mac OS X) AppleWebKit/605.1.15 (KHTML, like Gecko) Mobile/15E148
[2026/1/20 21:30:08] ðŸ“ æ£€æµ‹åˆ°æ•°å€¼è¯»å–: GDTDefaultUA = Mozilla/5.0 (iPhone; CPU iPhone OS 16_2 like Mac OS X) AppleWebKit/605.1.15 (KHTML, like Gecko) Mobile/15E148
[2026/1/20 21:30:08] ðŸ“ æ£€æµ‹åˆ°æ•°å€¼è¯»å–: com.anythink.UserDefaultsLoadCaps_7997015 = {
    cap = 1;
    date = "2026-01-20 13:30:01 +0000";
}
[2026/1/20 21:30:08] ðŸ“ æ£€æµ‹åˆ°æ•°å€¼è¯»å–: kGDTDeviceH265ForceResetDownGradeVersionKey = 0
[2026/1/20 21:30:08] ðŸ“ æ£€æµ‹åˆ°æ•´æ•°è¯»å–: dvmdwfrquptm = 1768911238
[2026/1/20 21:30:08] ðŸ“ æ£€æµ‹åˆ°æ•°å€¼è¯»å–: GDTDefaultUA = Mozilla/5.0 (iPhone; CPU iPhone OS 16_2 like Mac OS X) AppleWebKit/605.1.15 (KHTML, like Gecko) Mobile/15E148
[2026/1/20 21:30:08] ðŸ“ æ£€æµ‹åˆ°æ•°å€¼è¯»å–: GDTDefaultUA = Mozilla/5.0 (iPhone; CPU iPhone OS 16_2 like Mac OS X) AppleWebKit/605.1.15 (KHTML, like Gecko) Mobile/15E148
[2026/1/20 21:30:08] ðŸ“ æ£€æµ‹åˆ°æ•°å€¼è¯»å–: com.anythink.UserDefaultsLoadCaps_7997014 = {
    cap = 1;
    date = "2026-01-20 13:30:02 +0000";
}
[2026/1/20 21:30:08] ðŸ“ æ£€æµ‹åˆ°æ•°å€¼è¯»å–: kGDTDeviceH265ForceResetDownGradeVersionKey = 0
[2026/1/20 21:30:08] ðŸ“ æ£€æµ‹åˆ°æ•´æ•°è¯»å–: dvmdwfrquptm = 1768911238
[2026/1/20 21:30:08] ðŸ“ æ£€æµ‹åˆ°æ•°å€¼è¯»å–: GDTDefaultUA = Mozilla/5.0 (iPhone; CPU iPhone OS 16_2 like Mac OS X) AppleWebKit/605.1.15 (KHTML, like Gecko) Mobile/15E148
[2026/1/20 21:30:08] ðŸ“ æ£€æµ‹åˆ°æ•°å€¼è¯»å–: GDTDefaultUA = Mozilla/5.0 (iPhone; CPU iPhone OS 16_2 like Mac OS X) AppleWebKit/605.1.15 (KHTML, like Gecko) Mobile/15E148
[2026/1/20 21:30:08] ðŸ“ æ£€æµ‹åˆ°æ•°å€¼è¯»å–: com.anythink.UserDefaultsLoadCaps_7997013 = {
    cap = 1;
    date = "2026-01-20 13:30:02 +0000";
}
[2026/1/20 21:30:08] ðŸ“ æ£€æµ‹åˆ°æ•°å€¼è¯»å–: kGDTDeviceH265ForceResetDownGradeVersionKey = 0
[2026/1/20 21:30:08] ðŸ“ æ£€æµ‹åˆ°æ•´æ•°è¯»å–: dvmdwfrquptm = 1768911238
[2026/1/20 21:30:08] ðŸ“ æ£€æµ‹åˆ°æ•°å€¼è¯»å–: GDTDefaultUA = Mozilla/5.0 (iPhone; CPU iPhone OS 16_2 like Mac OS X) AppleWebKit/605.1.15 (KHTML, like Gecko) Mobile/15E148
[2026/1/20 21:30:08] ðŸ“ æ£€æµ‹åˆ°æ•°å€¼è¯»å–: GDTDefaultUA = Mozilla/5.0 (iPhone; CPU iPhone OS 16_2 like Mac OS X) AppleWebKit/605.1.15 (KHTML, like Gecko) Mobile/15E148
[2026/1/20 21:30:08] ðŸ“ æ£€æµ‹åˆ°æ•°å€¼è¯»å–: com.anythink.UserDefaultsLoadCaps_7997012 = {
    cap = 1;
    date = "2026-01-20 13:30:02 +0000";
}
[2026/1/20 21:30:08] ðŸ“ æ£€æµ‹åˆ°æ•°å€¼è¯»å–: kGDTDeviceH265ForceResetDownGradeVersionKey = 0
[2026/1/20 21:30:08] ðŸ“ æ£€æµ‹åˆ°æ•´æ•°è¯»å–: dvmdwfrquptm = 1768911238
[2026/1/20 21:30:08] ðŸ“ æ£€æµ‹åˆ°æ•°å€¼è¯»å–: GDTDefaultUA = Mozilla/5.0 (iPhone; CPU iPhone OS 16_2 like Mac OS X) AppleWebKit/605.1.15 (KHTML, like Gecko) Mobile/15E148
[2026/1/20 21:30:08] ðŸ“ æ£€æµ‹åˆ°æ•°å€¼è¯»å–: GDTDefaultUA = Mozilla/5.0 (iPhone; CPU iPhone OS 16_2 like Mac OS X) AppleWebKit/605.1.15 (KHTML, like Gecko) Mobile/15E148
[2026/1/20 21:30:08] ðŸ“ æ£€æµ‹åˆ°æ•°å€¼è¯»å–: com.anythink.UserDefaultsLoadCaps_7997011 = {
    cap = 1;
    date = "2026-01-20 13:30:02 +0000";
}
[2026/1/20 21:30:08] ðŸ“ æ£€æµ‹åˆ°æ•°å€¼è¯»å–: kGDTDeviceH265ForceResetDownGradeVersionKey = 0
[2026/1/20 21:30:08] ðŸ“ æ£€æµ‹åˆ°æ•´æ•°è¯»å–: dvmdwfrquptm = 1768911238
[2026/1/20 21:30:08] ðŸ“ æ£€æµ‹åˆ°æ•°å€¼è¯»å–: GDTDefaultUA = Mozilla/5.0 (iPhone; CPU iPhone OS 16_2 like Mac OS X) AppleWebKit/605.1.15 (KHTML, like Gecko) Mobile/15E148
[2026/1/20 21:30:08] ðŸ“ æ£€æµ‹åˆ°æ•°å€¼è¯»å–: com.anythink.UserDefaultsLoadCaps_7997009 = {
    cap = 1;
    date = "2026-01-20 13:30:02 +0000";
}
[2026/1/20 21:30:08] ðŸ“ æ£€æµ‹åˆ°æ•°å€¼è¯»å–: kGDTDeviceH265ForceResetDownGradeVersionKey = 0
[2026/1/20 21:30:08] ðŸ“ æ£€æµ‹åˆ°æ•´æ•°è¯»å–: dvmdwfrquptm = 1768911238
[2026/1/20 21:30:08] ðŸ“ æ£€æµ‹åˆ°æ•°å€¼è¯»å–: GDTDefaultUA = Mozilla/5.0 (iPhone; CPU iPhone OS 16_2 like Mac OS X) AppleWebKit/605.1.15 (KHTML, like Gecko) Mobile/15E148
[2026/1/20 21:30:08] ðŸ“ æ£€æµ‹åˆ°æ•°å€¼è¯»å–: GDTDefaultUA = Mozilla/5.0 (iPhone; CPU iPhone OS 16_2 like Mac OS X) AppleWebKit/605.1.15 (KHTML, like Gecko) Mobile/15E148
[2026/1/20 21:30:08] ðŸ“ æ£€æµ‹åˆ°æ•°å€¼è¯»å–: com.anythink.UserDefaultsLoadCaps_7997010 = {
    cap = 1;
    date = "2026-01-20 13:30:02 +0000";
}
[2026/1/20 21:30:08] ðŸ“ æ£€æµ‹åˆ°æ•°å€¼è¯»å–: kGDTDeviceH265ForceResetDownGradeVersionKey = 0
[2026/1/20 21:30:08] ðŸ“ æ£€æµ‹åˆ°æ•´æ•°è¯»å–: dvmdwfrquptm = 1768911238
[2026/1/20 21:30:08] ðŸ“ æ£€æµ‹åˆ°æ•°å€¼è¯»å–: GDTDefaultUA = Mozilla/5.0 (iPhone; CPU iPhone OS 16_2 like Mac OS X) AppleWebKit/605.1.15 (KHTML, like Gecko) Mobile/15E148
[2026/1/20 21:30:08] ðŸ“ æ£€æµ‹åˆ°æ•°å€¼è¯»å–: GDTDefaultUA = Mozilla/5.0 (iPhone; CPU iPhone OS 16_2 like Mac OS X) AppleWebKit/605.1.15 (KHTML, like Gecko) Mobile/15E148
[2026/1/20 21:30:08] ðŸ“ æ£€æµ‹åˆ°æ•°å€¼è¯»å–: com.anythink.UserDefaultsLoadCaps_11574685 = {
    cap = 1;
    date = "2026-01-20 13:30:02 +0000";
}
[2026/1/20 21:30:08] ðŸ“ æ£€æµ‹åˆ°æ•°å€¼è¯»å–: kCSJReportAppEnvDateKey = 2026-01-19 21:51:47 +0000
[2026/1/20 21:30:08] ðŸ“ æ£€æµ‹åˆ°æ•´æ•°è¯»å–: csj_app_open_cnt = 13
[2026/1/20 21:30:08] ðŸ“ æ£€æµ‹åˆ°æ•°å€¼è¯»å–: 1371-1-tb-sdi = {length = 173, bytes = 0x42565230 68445675 51477135 5a663471 ... 4e734744 5977452a }
[2026/1/20 21:30:08] ðŸ“ æ£€æµ‹åˆ°æ•°å€¼è¯»å–: GDTDefaultUA = Mozilla/5.0 (iPhone; CPU iPhone OS 16_2 like Mac OS X) AppleWebKit/605.1.15 (KHTML, like Gecko) Mobile/15E148
[2026/1/20 21:30:08] ðŸ“ æ£€æµ‹åˆ°æ•°å€¼è¯»å–: GDTDefaultUA = Mozilla/5.0 (iPhone; CPU iPhone OS 16_2 like Mac OS X) AppleWebKit/605.1.15 (KHTML, like Gecko) Mobile/15E148
[2026/1/20 21:30:08] ðŸ“ æ£€æµ‹åˆ°æ•°å€¼è¯»å–: GDTDefaultUA = Mozilla/5.0 (iPhone; CPU iPhone OS 16_2 like Mac OS X) AppleWebKit/605.1.15 (KHTML, like Gecko) Mobile/15E148
[2026/1/20 21:30:08] ðŸ“ æ£€æµ‹åˆ°æ•°å€¼è¯»å–: com.anythink.UserDefaultsLoadCaps_7994862 = {
    cap = 1;
    date = "2026-01-20 13:30:02 +0000";
}
[2026/1/20 21:30:08] ðŸ“ æ£€æµ‹åˆ°æ•°å€¼è¯»å–: com.anythink.UserDefaultsLoadCaps_8033202 = {
    cap = 2;
    date = "2026-01-20 13:10:43 +0000";
}
[2026/1/20 21:30:08] ðŸ“ æ£€æµ‹åˆ°æ•°å€¼è¯»å–: kGDTDeviceH265ForceResetDownGradeVersionKey = 0
[2026/1/20 21:30:08] ðŸ“ æ£€æµ‹åˆ°æ•´æ•°è¯»å–: dvmdwfrquptm = 1768911238
[2026/1/20 21:30:08] ðŸ“ æ£€æµ‹åˆ°æ•°å€¼è¯»å–: GDTDefaultUA = Mozilla/5.0 (iPhone; CPU iPhone OS 16_2 like Mac OS X) AppleWebKit/605.1.15 (KHTML, like Gecko) Mobile/15E148
[2026/1/20 21:30:08] ðŸ“ æ£€æµ‹åˆ°æ•°å€¼è¯»å–: GDTDefaultUA = Mozilla/5.0 (iPhone; CPU iPhone OS 16_2 like Mac OS X) AppleWebKit/605.1.15 (KHTML, like Gecko) Mobile/15E148
[2026/1/20 21:30:08] ðŸ“ æ£€æµ‹åˆ°æ•°å€¼è¯»å–: com.anythink.UserDefaultsLoadCaps_8013873 = {
    cap = 2;
    date = "2026-01-20 13:10:43 +0000";
}
[2026/1/20 21:30:08] ðŸ“ æ£€æµ‹åˆ°æ•°å€¼è¯»å–: com.anythink.UserDefaultsLoadCaps_8033203 = {
    cap = 2;
    date = "2026-01-20 13:10:43 +0000";
}
[2026/1/20 21:30:08] ðŸ“ æ£€æµ‹åˆ°æ•°å€¼è¯»å–: kGDTDeviceH265ForceResetDownGradeVersionKey = 0
[2026/1/20 21:30:08] ðŸ“ æ£€æµ‹åˆ°æ•´æ•°è¯»å–: dvmdwfrquptm = 1768911238
[2026/1/20 21:30:08] ðŸ“ æ£€æµ‹åˆ°æ•°å€¼è¯»å–: GDTDefaultUA = Mozilla/5.0 (iPhone; CPU iPhone OS 16_2 like Mac OS X) AppleWebKit/605.1.15 (KHTML, like Gecko) Mobile/15E148
[2026/1/20 21:30:08] ðŸ“ æ£€æµ‹åˆ°æ•°å€¼è¯»å–: GDTDefaultUA = Mozilla/5.0 (iPhone; CPU iPhone OS 16_2 like Mac OS X) AppleWebKit/605.1.15 (KHTML, like Gecko) Mobile/15E148
[2026/1/20 21:30:08] ðŸ“ æ£€æµ‹åˆ°æ•°å€¼è¯»å–: com.anythink.UserDefaultsLoadCaps_7994523 = {
    cap = 1;
    date = "2026-01-20 13:30:02 +0000";
}
[2026/1/20 21:30:08] ðŸ“ æ£€æµ‹åˆ°æ•°å€¼è¯»å–: kGDTDeviceH265ForceResetDownGradeVersionKey = 0
[2026/1/20 21:30:08] ðŸ“ æ£€æµ‹åˆ°æ•´æ•°è¯»å–: dvmdwfrquptm = 1768911238
[2026/1/20 21:30:08] ðŸ“ æ£€æµ‹åˆ°æ•°å€¼è¯»å–: GDTDefaultUA = Mozilla/5.0 (iPhone; CPU iPhone OS 16_2 like Mac OS X) AppleWebKit/605.1.15 (KHTML, like Gecko) Mobile/15E148
[2026/1/20 21:30:08] ðŸ“ æ£€æµ‹åˆ°æ•°å€¼è¯»å–: GDTDefaultUA = Mozilla/5.0 (iPhone; CPU iPhone OS 16_2 like Mac OS X) AppleWebKit/605.1.15 (KHTML, like Gecko) Mobile/15E148
[2026/1/20 21:30:08] ðŸ“ æ£€æµ‹åˆ°æ•°å€¼è¯»å–: com.anythink.UserDefaultsLoadCaps_7994524 = {
    cap = 1;
    date = "2026-01-20 13:30:02 +0000";
}
[2026/1/20 21:30:08] ðŸ“ æ£€æµ‹åˆ°æ•°å€¼è¯»å–: kGDTDeviceH265ForceResetDownGradeVersionKey = 0
[2026/1/20 21:30:08] ðŸ“ æ£€æµ‹åˆ°æ•´æ•°è¯»å–: dvmdwfrquptm = 1768911238
[2026/1/20 21:30:08] ðŸ“ æ£€æµ‹åˆ°æ•°å€¼è¯»å–: GDTDefaultUA = Mozilla/5.0 (iPhone; CPU iPhone OS 16_2 like Mac OS X) AppleWebKit/605.1.15 (KHTML, like Gecko) Mobile/15E148
[2026/1/20 21:30:09] ðŸ“ æ£€æµ‹åˆ°æ•°å€¼è¯»å–: GDTDefaultUA = Mozilla/5.0 (iPhone; CPU iPhone OS 16_2 like Mac OS X) AppleWebKit/605.1.15 (KHTML, like Gecko) Mobile/15E148
[2026/1/20 21:30:09] ðŸ“ æ£€æµ‹åˆ°æ•°å€¼è¯»å–: com.anythink.UserDefaultsLoadCaps_11574686 = {
    cap = 1;
    date = "2026-01-20 13:30:02 +0000";
}
[2026/1/20 21:30:09] ðŸ“ æ£€æµ‹åˆ°æ•°å€¼è¯»å–: kCSJReportAppEnvDateKey = 2026-01-19 21:51:47 +0000
[2026/1/20 21:30:09] ðŸ“ æ£€æµ‹åˆ°æ•´æ•°è¯»å–: csj_app_open_cnt = 13
[2026/1/20 21:30:09] ðŸ“ æ£€æµ‹åˆ°æ•°å€¼è¯»å–: 1371-1-tb-sdi = {length = 173, bytes = 0x42565230 68445675 51477135 5a663471 ... 4e734744 5977452a }
[2026/1/20 21:30:09] ðŸ“ æ£€æµ‹åˆ°æ•°å€¼è¯»å–: com.anythink.UserDefaultsLoadCaps_7994525 = {
    cap = 1;
    date = "2026-01-20 13:30:03 +0000";
}
[2026/1/20 21:30:09] ðŸ“ æ£€æµ‹åˆ°æ•°å€¼è¯»å–: kGDTDeviceH265ForceResetDownGradeVersionKey = 0
[2026/1/20 21:30:09] ðŸ“ æ£€æµ‹åˆ°æ•´æ•°è¯»å–: dvmdwfrquptm = 1768911238
[2026/1/20 21:30:09] ðŸ“ æ£€æµ‹åˆ°æ•°å€¼è¯»å–: GDTDefaultUA = Mozilla/5.0 (iPhone; CPU iPhone OS 16_2 like Mac OS X) AppleWebKit/605.1.15 (KHTML, like Gecko) Mobile/15E148
[2026/1/20 21:30:09] ðŸ“ æ£€æµ‹åˆ°æ•°å€¼è¯»å–: GDTDefaultUA = Mozilla/5.0 (iPhone; CPU iPhone OS 16_2 like Mac OS X) AppleWebKit/605.1.15 (KHTML, like Gecko) Mobile/15E148
[2026/1/20 21:30:09] ðŸ“ æ£€æµ‹åˆ°æ•°å€¼è¯»å–: com.anythink.UserDefaultsLoadCaps_11574687 = {
    cap = 1;
    date = "2026-01-20 13:30:03 +0000";
}
[2026/1/20 21:30:09] ðŸ“ æ£€æµ‹åˆ°æ•°å€¼è¯»å–: kCSJReportAppEnvDateKey = 2026-01-19 21:51:47 +0000
[2026/1/20 21:30:09] ðŸ“ æ£€æµ‹åˆ°æ•´æ•°è¯»å–: csj_app_open_cnt = 13
[2026/1/20 21:30:09] ðŸ“ æ£€æµ‹åˆ°æ•°å€¼è¯»å–: com.anythink.UserDefaultsLoadCaps_11574688 = {
    cap = 1;
    date = "2026-01-20 13:30:03 +0000";
}
[2026/1/20 21:30:09] ðŸ“ æ£€æµ‹åˆ°æ•°å€¼è¯»å–: 1371-1-tb-sdi = {length = 173, bytes = 0x42565230 68445675 51477135 5a663471 ... 4e734744 5977452a }
[2026/1/20 21:30:09] ðŸ“ æ£€æµ‹åˆ°æ•°å€¼è¯»å–: kCSJReportAppEnvDateKey = 2026-01-19 21:51:47 +0000
[2026/1/20 21:30:09] ðŸ“ æ£€æµ‹åˆ°æ•´æ•°è¯»å–: csj_app_open_cnt = 13
[2026/1/20 21:30:09] ðŸ“ æ£€æµ‹åˆ°æ•°å€¼è¯»å–: 1371-1-tb-sdi = {length = 173, bytes = 0x42565230 68445675 51477135 5a663471 ... 4e734744 5977452a }
[2026/1/20 21:30:09] ðŸ“ æ£€æµ‹åˆ°æ•°å€¼è¯»å–: com.anythink.UserDefaultsLoadCaps_7994526 = {
    cap = 1;
    date = "2026-01-20 13:30:03 +0000";
}
[2026/1/20 21:30:09] ðŸ“ æ£€æµ‹åˆ°æ•°å€¼è¯»å–: kGDTDeviceH265ForceResetDownGradeVersionKey = 0
[2026/1/20 21:30:09] ðŸ“ æ£€æµ‹åˆ°æ•´æ•°è¯»å–: dvmdwfrquptm = 1768911238
[2026/1/20 21:30:09] ðŸ“ æ£€æµ‹åˆ°æ•°å€¼è¯»å–: GDTDefaultUA = Mozilla/5.0 (iPhone; CPU iPhone OS 16_2 like Mac OS X) AppleWebKit/605.1.15 (KHTML, like Gecko) Mobile/15E148
[2026/1/20 21:30:09] ðŸ“ æ£€æµ‹åˆ°æ•°å€¼è¯»å–: GDTDefaultUA = Mozilla/5.0 (iPhone; CPU iPhone OS 16_2 like Mac OS X) AppleWebKit/605.1.15 (KHTML, like Gecko) Mobile/15E148
[2026/1/20 21:30:09] ðŸ“ æ£€æµ‹åˆ°æ•°å€¼è¯»å–: com.anythink.UserDefaultsLoadCaps_7994527 = {
    cap = 1;
    date = "2026-01-20 13:30:04 +0000";
}
[2026/1/20 21:30:09] ðŸ“ æ£€æµ‹åˆ°æ•°å€¼è¯»å–: kGDTDeviceH265ForceResetDownGradeVersionKey = 0
[2026/1/20 21:30:09] ðŸ“ æ£€æµ‹åˆ°æ•´æ•°è¯»å–: dvmdwfrquptm = 1768911238
[2026/1/20 21:30:09] ðŸ“ æ£€æµ‹åˆ°æ•°å€¼è¯»å–: GDTDefaultUA = Mozilla/5.0 (iPhone; CPU iPhone OS 16_2 like Mac OS X) AppleWebKit/605.1.15 (KHTML, like Gecko) Mobile/15E148
[2026/1/20 21:30:09] ðŸ“ æ£€æµ‹åˆ°æ•°å€¼è¯»å–: GDTDefaultUA = Mozilla/5.0 (iPhone; CPU iPhone OS 16_2 like Mac OS X) AppleWebKit/605.1.15 (KHTML, like Gecko) Mobile/15E148
[2026/1/20 21:30:09] ðŸ“ æ£€æµ‹åˆ°æ•°å€¼è¯»å–: com.anythink.UserDefaultsLoadCaps_7994863 = {
    cap = 1;
    date = "2026-01-20 13:30:03 +0000";
}
[2026/1/20 21:30:09] ðŸ“ æ£€æµ‹åˆ°æ•´æ•°è¯»å–: WebKitDebugDragLiftDelay = 0
[2026/1/20 21:30:09] ðŸ“ æ£€æµ‹åˆ°æ•´æ•°è¯»å–: WebKitDebugDragLiftDelay = 0
[2026/1/20 21:30:09] ðŸ“ æ£€æµ‹åˆ°æ•´æ•°è¯»å–: WebKitDebugDragLiftDelay = 0
[2026/1/20 21:30:09] ðŸ“ æ£€æµ‹åˆ°æ•´æ•°è¯»å–: WebKitDebugDragLiftDelay = 0
[2026/1/20 21:30:09] ========== å¼€å§‹ä¿®æ”¹ ==========
[2026/1/20 21:30:09] åŠŸèƒ½ï¼šä¸€é”®å…¨å¼€
[2026/1/20 21:30:09] ========== å¼€å§‹å…¨æ–¹ä½Hookæ‹¦æˆªä¿®æ”¹ v14.4 ==========
[2026/1/20 21:30:09] ðŸ’° å¯ç”¨é‡‘é’±Hook: 999999999
[2026/1/20 21:30:09] âš¡ å¯ç”¨ä½“åŠ›Hook: 999999
[2026/1/20 21:30:09] â¤ï¸ å¯ç”¨å¥åº·Hook: 999
[2026/1/20 21:30:09] ðŸ˜Š å¯ç”¨å¿ƒæƒ…Hook: 999
[2026/1/20 21:30:09] ðŸŽ¯ å…¨æ–¹ä½Hookæ‹¦æˆªå™¨å·²æ¿€æ´»
[2026/1/20 21:30:09] ðŸ“Š ç›‘æŽ§æ‰€æœ‰æ•°æ®è¯»å–æ“ä½œï¼Œè‡ªåŠ¨è®°å½•åˆ°æ—¥å¿—
[2026/1/20 21:30:09] ðŸ’¡ æç¤ºï¼šåœ¨æ¸¸æˆä¸­è¿›è¡Œæ“ä½œï¼ŒæŸ¥çœ‹æ—¥å¿—äº†è§£æ•°æ®è¯»å–æƒ…å†µ
[2026/1/20 21:30:09] ========== å…¨æ–¹ä½Hookæ‹¦æˆªä¿®æ”¹å®Œæˆ ==========
[2026/1/20 21:30:09] ========== ä¿®æ”¹ç»“æŸ ==========

[2026/1/20 21:30:09] ðŸ“ æ£€æµ‹åˆ°æ•°å€¼è¯»å–: com.anythink.UserDefaultsLoadCaps_11574689 = {
    cap = 1;
    date = "2026-01-20 13:30:03 +0000";
}
[2026/1/20 21:30:09] ðŸ“ æ£€æµ‹åˆ°æ•°å€¼è¯»å–: kCSJReportAppEnvDateKey = 2026-01-19 21:51:47 +0000
[2026/1/20 21:30:09] ðŸ“ æ£€æµ‹åˆ°æ•´æ•°è¯»å–: csj_app_open_cnt = 13
[2026/1/20 21:30:09] ðŸ“ æ£€æµ‹åˆ°æ•°å€¼è¯»å–: 1371-1-tb-sdi = {length = 173, bytes = 0x42565230 68445675 51477135 5a663471 ... 4e734744 5977452a }
[2026/1/20 21:30:09] ðŸ“ æ£€æµ‹åˆ°æ•°å€¼è¯»å–: com.anythink.UserDefaultsLoadCaps_7994528 = {
    cap = 1;
    date = "2026-01-20 13:30:04 +0000";
}
[2026/1/20 21:30:09] ðŸ“ æ£€æµ‹åˆ°æ•°å€¼è¯»å–: kGDTDeviceH265ForceResetDownGradeVersionKey = 0
[2026/1/20 21:30:09] ðŸ“ æ£€æµ‹åˆ°æ•´æ•°è¯»å–: dvmdwfrquptm = 1768911238
[2026/1/20 21:30:09] ðŸ“ æ£€æµ‹åˆ°æ•°å€¼è¯»å–: GDTDefaultUA = Mozilla/5.0 (iPhone; CPU iPhone OS 16_2 like Mac OS X) AppleWebKit/605.1.15 (KHTML, like Gecko) Mobile/15E148
[2026/1/20 21:30:09] ðŸ“ æ£€æµ‹åˆ°æ•°å€¼è¯»å–: GDTDefaultUA = Mozilla/5.0 (iPhone; CPU iPhone OS 16_2 like Mac OS X) AppleWebKit/605.1.15 (KHTML, like Gecko) Mobile/15E148
[2026/1/20 21:30:10] ðŸ“ æ£€æµ‹åˆ°æ•°å€¼è¯»å–: com.anythink.UserDefaultsLoadCaps_11574690 = {
    cap = 1;
    date = "2026-01-20 13:30:04 +0000";
}
[2026/1/20 21:30:10] ðŸ“ æ£€æµ‹åˆ°æ•°å€¼è¯»å–: kCSJReportAppEnvDateKey = 2026-01-19 21:51:47 +0000
[2026/1/20 21:30:10] ðŸ“ æ£€æµ‹åˆ°æ•´æ•°è¯»å–: csj_app_open_cnt = 13
[2026/1/20 21:30:10] ðŸ“ æ£€æµ‹åˆ°æ•°å€¼è¯»å–: 1371-1-tb-sdi = {length = 173, bytes = 0x42565230 68445675 51477135 5a663471 ... 4e734744 5977452a }
[2026/1/20 21:30:10] ðŸ“ æ£€æµ‹åˆ°æ•°å€¼è¯»å–: com.anythink.UserDefaultsLoadCaps_11574691 = {
    cap = 1;
    date = "2026-01-20 13:30:04 +0000";
}
[2026/1/20 21:30:10] ðŸ“ æ£€æµ‹åˆ°æ•°å€¼è¯»å–: kCSJReportAppEnvDateKey = 2026-01-19 21:51:47 +0000
[2026/1/20 21:30:10] ðŸ“ æ£€æµ‹åˆ°æ•´æ•°è¯»å–: csj_app_open_cnt = 13
[2026/1/20 21:30:10] ðŸ“ æ£€æµ‹åˆ°æ•°å€¼è¯»å–: 1371-1-tb-sdi = {length = 173, bytes = 0x42565230 68445675 51477135 5a663471 ... 4e734744 5977452a }
[2026/1/20 21:30:10] ðŸ“ æ£€æµ‹åˆ°æ•°å€¼è¯»å–: com.anythink.UserDefaultsLoadCaps_7994529 = {
    cap = 1;
    date = "2026-01-20 13:30:04 +0000";
}
[2026/1/20 21:30:10] ðŸ“ æ£€æµ‹åˆ°æ•°å€¼è¯»å–: kGDTDeviceH265ForceResetDownGradeVersionKey = 0
[2026/1/20 21:30:10] ðŸ“ æ£€æµ‹åˆ°æ•´æ•°è¯»å–: dvmdwfrquptm = 1768911238
[2026/1/20 21:30:10] ðŸ“ æ£€æµ‹åˆ°æ•°å€¼è¯»å–: GDTDefaultUA = Mozilla/5.0 (iPhone; CPU iPhone OS 16_2 like Mac OS X) AppleWebKit/605.1.15 (KHTML, like Gecko) Mobile/15E148
[2026/1/20 21:30:10] ðŸ“ æ£€æµ‹åˆ°æ•°å€¼è¯»å–: GDTDefaultUA = Mozilla/5.0 (iPhone; CPU iPhone OS 16_2 like Mac OS X) AppleWebKit/605.1.15 (KHTML, like Gecko) Mobile/15E148
[2026/1/20 21:30:10] ðŸ“ æ£€æµ‹åˆ°æ•°å€¼è¯»å–: com.anythink.UserDefaultsLoadCaps_11574692 = {
    cap = 1;
    date = "2026-01-20 13:30:04 +0000";
}
[2026/1/20 21:30:10] ðŸ“ æ£€æµ‹åˆ°æ•°å€¼è¯»å–: kCSJReportAppEnvDateKey = 2026-01-19 21:51:47 +0000
[2026/1/20 21:30:10] ðŸ“ æ£€æµ‹åˆ°æ•´æ•°è¯»å–: csj_app_open_cnt = 13
[2026/1/20 21:30:10] ðŸ“ æ£€æµ‹åˆ°æ•°å€¼è¯»å–: 1371-1-tb-sdi = {length = 173, bytes = 0x42565230 68445675 51477135 5a663471 ... 4e734744 5977452a }
[2026/1/20 21:30:10] ðŸ“ æ£€æµ‹åˆ°æ•°å€¼è¯»å–: GDTDefaultUA = Mozilla/5.0 (iPhone; CPU iPhone OS 16_2 like Mac OS X) AppleWebKit/605.1.15 (KHTML, like Gecko) Mobile/15E148
[2026/1/20 21:30:10] ðŸ“ æ£€æµ‹åˆ°æ•°å€¼è¯»å–: com.anythink.UserDefaultsLoadCaps_7994530 = {
    cap = 1;
    date = "2026-01-20 13:30:04 +0000";
}
[2026/1/20 21:30:10] ðŸ“ æ£€æµ‹åˆ°æ•°å€¼è¯»å–: kGDTDeviceH265ForceResetDownGradeVersionKey = 0
[2026/1/20 21:30:10] ðŸ“ æ£€æµ‹åˆ°æ•´æ•°è¯»å–: dvmdwfrquptm = 1768911238
[2026/1/20 21:30:10] ðŸ“ æ£€æµ‹åˆ°æ•°å€¼è¯»å–: GDTDefaultUA = Mozilla/5.0 (iPhone; CPU iPhone OS 16_2 like Mac OS X) AppleWebKit/605.1.15 (KHTML, like Gecko) Mobile/15E148
[2026/1/20 21:30:10] ðŸ“ æ£€æµ‹åˆ°æ•°å€¼è¯»å–: GDTDefaultUA = Mozilla/5.0 (iPhone; CPU iPhone OS 16_2 like Mac OS X) AppleWebKit/605.1.15 (KHTML, like Gecko) Mobile/15E148
[2026/1/20 21:30:10] ðŸ“ æ£€æµ‹åˆ°æ•°å€¼è¯»å–: com.anythink.UserDefaultsLoadCaps_7994864 = {
    cap = 1;
    date = "2026-01-20 13:30:05 +0000";
}
[2026/1/20 21:30:11] ðŸ“ˆ 5ç§’å†…Hookæ‹¦æˆªæ¬¡æ•°: 0
[2026/1/20 21:30:11] âš ï¸ æœªæ£€æµ‹åˆ°æ•°æ®è¯»å–ï¼Œæ¸¸æˆå¯èƒ½ä½¿ç”¨å…¶ä»–å­˜å‚¨æ–¹å¼
[2026/1/20 21:30:11] ðŸ’¡ å»ºè®®ï¼šåœ¨æ¸¸æˆä¸­è¿›è¡Œæ“ä½œï¼ˆå¦‚è´­ä¹°ã€ä½¿ç”¨ä½“åŠ›ç­‰ï¼‰è§¦å‘æ•°æ®è¯»å–
[2026/1/20 21:30:11] ðŸ“ æ£€æµ‹åˆ°æ•°å€¼è¯»å–: com.anythink.UserDefaultsLoadCaps_7994531 = {
    cap = 1;
    date = "2026-01-20 13:30:06 +0000";
}
[2026/1/20 21:30:11] ðŸ“ æ£€æµ‹åˆ°æ•°å€¼è¯»å–: kGDTDeviceH265ForceResetDownGradeVersionKey = 0
[2026/1/20 21:30:11] ðŸ“ æ£€æµ‹åˆ°æ•°å€¼è¯»å–: com.anythink.UserDefaultsLoadCaps_11574693 = {
    cap = 1;
    date = "2026-01-20 13:30:05 +0000";
}
[2026/1/20 21:30:11] ðŸ“ æ£€æµ‹åˆ°æ•´æ•°è¯»å–: dvmdwfrquptm = 1768911238
[2026/1/20 21:30:11] ðŸ“ æ£€æµ‹åˆ°æ•°å€¼è¯»å–: kCSJReportAppEnvDateKey = 2026-01-19 21:51:47 +0000
[2026/1/20 21:30:11] ðŸ“ æ£€æµ‹åˆ°æ•´æ•°è¯»å–: csj_app_open_cnt = 13
[2026/1/20 21:30:11] ðŸ“ æ£€æµ‹åˆ°æ•°å€¼è¯»å–: GDTDefaultUA = Mozilla/5.0 (iPhone; CPU iPhone OS 16_2 like Mac OS X) AppleWebKit/605.1.15 (KHTML, like Gecko) Mobile/15E148
[2026/1/20 21:30:11] ðŸ“ æ£€æµ‹åˆ°æ•°å€¼è¯»å–: 1371-1-tb-sdi = {length = 173, bytes = 0x42565230 68445675 51477135 5a663471 ... 4e734744 5977452a }
[2026/1/20 21:30:11] ðŸ“ æ£€æµ‹åˆ°æ•°å€¼è¯»å–: GDTDefaultUA = Mozilla/5.0 (iPhone; CPU iPhone OS 16_2 like Mac OS X) AppleWebKit/605.1.15 (KHTML, like Gecko) Mobile/15E148
[2026/1/20 21:30:11] ðŸ“ æ£€æµ‹åˆ°æ•°å€¼è¯»å–: com.anythink.UserDefaultsLoadCaps_7994532 = {
    cap = 1;
    date = "2026-01-20 13:30:06 +0000";
}
[2026/1/20 21:30:11] ðŸ“ æ£€æµ‹åˆ°æ•°å€¼è¯»å–: kGDTDeviceH265ForceResetDownGradeVersionKey = 0
[2026/1/20 21:30:11] ðŸ“ æ£€æµ‹åˆ°æ•´æ•°è¯»å–: dvmdwfrquptm = 1768911238
[2026/1/20 21:30:11] ðŸ“ æ£€æµ‹åˆ°æ•°å€¼è¯»å–: GDTDefaultUA = Mozilla/5.0 (iPhone; CPU iPhone OS 16_2 like Mac OS X) AppleWebKit/605.1.15 (KHTML, like Gecko) Mobile/15E148
[2026/1/20 21:30:11] ðŸ“ æ£€æµ‹åˆ°æ•´æ•°è¯»å–: WebKitDebugDragLiftDelay = 0
[2026/1/20 21:30:11] ðŸ“ æ£€æµ‹åˆ°æ•´æ•°è¯»å–: WebKitDebugDragLiftDelay = 0
[2026/1/20 21:30:11] ðŸ“ æ£€æµ‹åˆ°æ•´æ•°è¯»å–: WebKitDebugDragLiftDelay = 0
[2026/1/20 21:30:11] ðŸ“ æ£€æµ‹åˆ°æ•´æ•°è¯»å–: WebKitDebugDragLiftDelay = 0
[2026/1/20 21:30:11] ðŸ“ æ£€æµ‹åˆ°æ•°å€¼è¯»å–: GDTDefaultUA = Mozilla/5.0 (iPhone; CPU iPhone OS 16_2 like Mac OS X) AppleWebKit/605.1.15 (KHTML, like Gecko) Mobile/15E148
[2026/1/20 21:30:11] ðŸ“ æ£€æµ‹åˆ°æ•°å€¼è¯»å–: com.anythink.UserDefaultsLoadCaps_11574694 = {
    cap = 1;
    date = "2026-01-20 13:30:06 +0000";
}
[2026/1/20 21:30:11] ðŸ“ æ£€æµ‹åˆ°æ•°å€¼è¯»å–: kCSJReportAppEnvDateKey = 2026-01-19 21:51:47 +0000
[2026/1/20 21:30:11] ðŸ“ æ£€æµ‹åˆ°æ•´æ•°è¯»å–: csj_app_open_cnt = 13
[2026/1/20 21:30:11] ðŸ“ æ£€æµ‹åˆ°æ•°å€¼è¯»å–: 1371-1-tb-sdi = {length = 173, bytes = 0x42565230 68445675 51477135 5a663471 ... 4e734744 5977452a }
[2026/1/20 21:30:11] ðŸ“ æ£€æµ‹åˆ°æ•°å€¼è¯»å–: com.anythink.UserDefaultsLoadCaps_11574695 = {
    cap = 1;
    date = "2026-01-20 13:30:06 +0000";
}
[2026/1/20 21:30:11] ðŸ“ æ£€æµ‹åˆ°æ•°å€¼è¯»å–: kCSJReportAppEnvDateKey = 2026-01-19 21:51:47 +0000
[2026/1/20 21:30:11] ðŸ“ æ£€æµ‹åˆ°æ•´æ•°è¯»å–: csj_app_open_cnt = 13
[2026/1/20 21:30:11] ðŸ“ æ£€æµ‹åˆ°æ•°å€¼è¯»å–: 1371-1-tb-sdi = {length = 173, bytes = 0x42565230 68445675 51477135 5a663471 ... 4e734744 5977452a }
[2026/1/20 21:30:12] ðŸ“ æ£€æµ‹åˆ°æ•°å€¼è¯»å–: com.anythink.UserDefaultsLoadCaps_7994533 = {
    cap = 1;
    date = "2026-01-20 13:30:06 +0000";
}
[2026/1/20 21:30:12] ðŸ“ æ£€æµ‹åˆ°æ•°å€¼è¯»å–: kGDTDeviceH265ForceResetDownGradeVersionKey = 0
[2026/1/20 21:30:12] ðŸ“ æ£€æµ‹åˆ°æ•´æ•°è¯»å–: dvmdwfrquptm = 1768911238
[2026/1/20 21:30:12] ðŸ“ æ£€æµ‹åˆ°æ•°å€¼è¯»å–: GDTDefaultUA = Mozilla/5.0 (iPhone; CPU iPhone OS 16_2 like Mac OS X) AppleWebKit/605.1.15 (KHTML, like Gecko) Mobile/15E148
[2026/1/20 21:30:12] ðŸ“ æ£€æµ‹åˆ°æ•°å€¼è¯»å–: GDTDefaultUA = Mozilla/5.0 (iPhone; CPU iPhone OS 16_2 like Mac OS X) AppleWebKit/605.1.15 (KHTML, like Gecko) Mobile/15E148
[2026/1/20 21:30:12] ðŸ“ æ£€æµ‹åˆ°æ•°å€¼è¯»å–: com.anythink.UserDefaultsLoadCaps_11574696 = {
    cap = 1;
    date = "2026-01-20 13:30:06 +0000";
}
[2026/1/20 21:30:12] ðŸ“ æ£€æµ‹åˆ°æ•°å€¼è¯»å–: kCSJReportAppEnvDateKey = 2026-01-19 21:51:47 +0000
[2026/1/20 21:30:12] ðŸ“ æ£€æµ‹åˆ°æ•´æ•°è¯»å–: csj_app_open_cnt = 13
[2026/1/20 21:30:12] ðŸ“ æ£€æµ‹åˆ°æ•°å€¼è¯»å–: 1371-1-tb-sdi = {length = 173, bytes = 0x42565230 68445675 51477135 5a663471 ... 4e734744 5977452a }
[2026/1/20 21:30:12] ðŸ“ æ£€æµ‹åˆ°æ•°å€¼è¯»å–: PerformanceJSVersion = 1
[2026/1/20 21:30:12] ðŸ“ æ£€æµ‹åˆ°æ•°å€¼è¯»å–: PerformanceJS = !function(e){var n={};function t(r){if(n[r])return n[r].exports;var o=n[r]={i:r,l:!1,exports:{}};return e[r].call(o.exports,o,o.exports,t),o.l=!0,o.exports}t.m=e,t.c=n,t.d=function(e,n,r){t.o(e,n)||Object.defineProperty(e,n,{enumerable:!0,get:r})},t.r=function(e){"undefined"!=typeof Symbol&&Symbol.toStringTag&&Object.defineProperty(e,Symbol.toStringTag,{value:"Module"}),Object.defineProperty(e,"__esModule",{value:!0})},t.t=function(e,n){if(1&n&&(e=t(e)),8&n)return e;if(4&n&&"object"==typeof e&&e&&e.__esModule)return e;var r=Object.create(null);if(t.r(r),Object.defineProperty(r,"default",{enumerable:!0,value:e}),2&n&&"string"!=typeof e)for(var o in e)t.d(r,o,function(n){return e[n]}.bind(null,o));return r},t.n=function(e){var n=e&&e.__esModule?function(){return e.default}:function(){return e};return t.d(n,"a",n),n},t.o=function(e,n){return Object.prototype.hasOwnProperty.call(e,n)},t.p="",t(t.s=1)}([function(e,n){},function(e,n,t){"use strict";t.r(n);var r=function(e){var n=0,t=0,r=!1;function o(){var e=document.body,n=document.documentElement;return Math.max(e.scrollHeight,e.offsetHeight,n.clientHeight,n.scrollHeight,n.offsetHeight)}function i(){var e=Math.round(100*("loading"!==document.readyState?(document.documentElement.scrollTop||document.body.scrollTop)+window.innerHeight:0)/o());return e>100?100:e}function a(){var r=i();(r>e.browsePercentage||t>n)&&(e.browsePercentage=r,n=t)}setInterval((function(){r=!0,t=o()}),200),window.addEventListener("load",(function(){t=o(),a()})),a(),window.addEventListener("scroll",(function(){r||(t=o()),a()}));var c=0,u=setInterval((function(){c<8?100===e.browsePercentage&&a():clearInterval(u),c+=1}),1e3)},o=[["fetchStart",4003016,88],["responseStart",4003017,89],["responseEnd",4003018,90],["domContentLoadedEventEnd",4003019,91],["firstScreen",4003030,92],["coreContentLoaded",4003020,93],["loadEventEnd",4003021,94],["browseTime",4003022,95]],i=function(e,n,t,r){var i,a={event_report:[],rpt_report:[]};return o.forEach((function(o){var i=o[0],c=o[1],u=o[2];if("firstScreen"===i&&-99999900===e[i]&&(e[i]=e.domContentLoadedEventEnd),"coreContentLoaded"===i&&0===e[i]&&(e[i]=e.loadEventEnd),null!==c){var f={cost_time:e[i],traceid:t};"browseTime"===i&&(f.bp=e.browsePercentage),a.event_report.push({biz:f,eventId:c})}if(null!==u){var l={click_id:n,nlid:r,pa:u,pat:e[i],trace_id:t};"browseTime"===i&&(l.bp=e.browsePercentage),a.rpt_report.push(l)}})),(i=a).event_report=i.event_report.filter((function(e){return e.biz&&e.biz.cost_time>0})).map((function(e){return e.biz.cost_time=Math.round(e.biz.cost_time),e})),i.rpt_report=i.rpt_report.filter((function(e){return e.pat>0})).map((function(e){return e.pat=Math.round(e.pat),e})),i};function a(e,n){var t;if("undefined"==typeof Symbol||null==e[Symbol.iterator]){if(Array.isArray(e)||(t=function(e,n){if(!e)return;if("string"==typeof e)return c(e,n);var t=Object.prototype.toString.call(e).slice(8,-1);"Object"===t&&e.constructor&&(t=e.constructor.name);if("Map"===t||"Set"===t)return Array.from(e);if("Arguments"===t||/^(?:Ui|I)nt(?:8|16|32)(?:Clamped)?Array$/.test(t))return c(e,n)}(e))||n&&e&&"number"==typeof e.length){t&&(e=t);var r=0,o=function(){};return{s:o,n:function(){return r>=e.length?{done:!0}:{done:!1,value:e[r++]}},e:function(e){throw e},f:o}}throw new TypeError("Invalid attempt to iterate non-iterable instance.\nIn order to be iterable, non-array objects must have a [Symbol.iterator]() method.")}var i,a=!0,u=!1;return{s:function(){t=e[Symbol.iterator]()},n:function(){var e=t.next();return a=e.done,e},e:function(e){u=!0,i=e},f:function(){try{a||null==t.return||t.return()}finally{if(u)throw i}}}}function c(e,n){(null==n||n>e.length)&&(n=e.length);for(var t=0,r=new Array(n);t<n;t++)r[t]=e[t];return r}var u=function(e){var n,t=function(e,n,t){for(var r=[],o=e.exec(n);null!==o;){var i,c=a(t);try{for(c.s();!(i=c.n()).done;){var u=o[i.value];if(u){r.push(u);break}}}catch(e){c.e(e)}finally{c.f()}o=e.exec(n)}return r}(/<\img.*?src=["'](.*?)["']/gm,document.documentElement.outerHTML,[1]).map((function(e){return 0===(n=e).indexOf("//")&&(n="".concat(location.protocol).concat(n)),n.replace(/&amp;/gm,"&").replace(/&lt;/gm,"<").replace(/&gt;/gm,">").replace(/&nbsp;/gm," ");var n})),r=e.map((function(e){return e.name}));return n=t,r.forEach((function(e){for(var t=0;t<n.length;t++)if(n[t]===e){n.splice(t,1);break}})),n},f=function(e){var n=.15*window.innerWidth;if(e.width<=n&&e.height<=n||e.width<3||e.height<3)return!0},l=function(e,n,t){var r=window.performance.timing;if(r.loadEventEnd>0)e.coreContentLoaded=r.loadEventEnd-n,clearInterval(t);else{var o=performance.getEntriesByType("resource").filter((function(e){return"img"===e.initiatorType}));if(0===function(e){for(var n=e.length-1;n>=0;n--){var t=e[n],r=(o=t,document.querySelector('img[src*="'.concat(function(e){return e.replace("http:","").replace("https:","")}(o),'"]')));f(r)&&e.splice(n,1)}var o;return e}(u(o)).length){var i=0;if(o.length>0){o.forEach((function(e){e.responseEnd>i&&(i=e.responseEnd)}));var a=r.navigationStart-n;e.coreContentLoaded=a+i}else e.coreContentLoaded=r.domContentLoadedEventEnd-n;clearInterval(t)}}};function d(e,n){var t;if("undefined"==typeof Symbol||null==e[Symbol.iterator]){if(Array.isArray(e)||(t=function(e,n){if(!e)return;if("string"==typeof e)return s(e,n);var t=Object.prototype.toString.call(e).slice(8,-1);"Object"===t&&e.constructor&&(t=e.constructor.name);if("Map"===t||"Set"===t)return Array.from(e);if("Arguments"===t||/^(?:Ui|I)nt(?:8|16|32)(?:Clamped)?Array$/.test(t))return s(e,n)}(e))||n&&e&&"number"==typeof e.length){t&&(e=t);var r=0,o=function(){};return{s:o,n:function(){return r>=e.length?{done:!0}:{done:!1,value:e[r++]}},e:function(e){throw e},f:o}}throw new TypeError("Invalid attempt to iterate non-iterable instance.\nIn order to be iterable, non-array objects must have a [Symbol.iterator]() method.")}var i,a=!0,c=!1;return{s:function(){t=e[Symbol.iterator]()},n:function(){var e=t.next();return a=e.done,e},e:function(e){c=!0,i=e},f:function(){try{a||null==t.return||t.return()}finally{if(c)throw i}}}}function s(e,n){(null==n||n>e.length)&&(n=e.length);for(var t=0,r=new Array(n);t<n;t++)r[t]=e[t];return r}var p,m,v,g,y=["jpg","jpeg","png","gif"],b=function(e){var n=e.getBoundingClientRect();return n.top<window.innerHeight-2&&n.right>0&&n.left<window.innerWidth-2},h=function(e){var n,t=d(y);try{for(t.s();!(n=t.n()).done;){var r=n.value;if(-1!==e.indexOf(r))return!0}}catch(e){t.e(e)}finally{t.f()}return!1},_=function(){var e,n,t=document.getElementsByTagName("img"),r=performance.getEntries().filter((function(e){return"img"===e.initiatorType||"css"===e.initiatorType&&h(e.name)})),o=[],i=!1,a=d(t);try{var c=function(){var n=e.value;if(b(n)){i=!0;var t=r.filter((function(e){return e.name===n.src}))[0];t&&o.push(t)}};for(a.s();!(e=a.n()).done;)c()}catch(e){a.e(e)}finally{a.f()}try{!function(e){var n=document.createNodeIterator(e,NodeFilter.SHOW_ELEMENT,null);e=n.nextNode();for(var t=function(){var t=window.getComputedStyle(e).backgroundImage;if(t&&h(t)&&b(e)){i=!0;var a=r.filter((function(e){return-1!==t.indexOf((n=e.name,r=n.indexOf("?"),o=(n=n.slice(0,-1!==r?r:void 0)).lastIndexOf("/")+1,decodeURIComponent(n.slice(o))));var n,r,o}))[0];a&&o.push(a)}e=n.nextNode()};null!=e;)t()}(document.body)}catch(e){console.log("background-image ç›¸å…³å¤„ç†å‡ºé”™"),console.error(e)}return o.length>=1&&(n=o.reduce((function(e,n){return n.responseEnd>e.responseEnd?n:e}))),{firstScreenImageLoadTime:n&&n.responseEnd||null,hasImageInFirstScreen:i}},w=function(e,n){var t=_(),r=t.firstScreenImageLoadTime,o=t.hasImageInFirstScreen;null!==r?e.firstScreen=Math.round(r+(performance.timing.navigationStart-n)):o||(e.firstScreen=-99999900)};t(0);function E(e,n){var t=Object.keys(e);if(Object.getOwnPropertySymbols){var r=Object.getOwnPropertySymbols(e);n&&(r=r.filter((function(n){return Object.getOwnPropertyDescriptor(e,n).enumerable}))),t.push.apply(t,r)}return t}function S(e){for(var n=1;n<arguments.length;n++){var t=null!=arguments[n]?arguments[n]:{};n%2?E(Object(t),!0).forEach((function(n){O(e,n,t[n])})):Object.getOwnPropertyDescriptors?Object.defineProperties(e,Object.getOwnPropertyDescriptors(t)):E(Object(t)).forEach((function(n){Object.defineProperty(e,n,Object.getOwnPropertyDescriptor(t,n))}))}return e}function O(e,n,t){return n in e?Object.defineProperty(e,n,{value:t,enumerable:!0,configurable:!0,writable:!0}):e[n]=t,e}try{p=parseInt("__CLICK_TIME__",10),m="__TRACE_ID__",v="__CLICK_ID__",g="__NET_LOG_REQ_ID__"}catch(e){p=window.performance.timing.navigationStart}var I=function(e,n){!function(e,n){var t=0,r=setInterval((function(){t<20?w(e,n):clearInterval(r),t+=1}),1e3);window.addEventListener("load",(function(){w(e,n)}))}(e,n),r(e),function(e,n){var t=window.setInterval((function(){l(e,n,t)}),500);window.addEventListener("load",(function(){l(e,n,t)}))}(e,n)};try{if(!window.__has_inject_page_performance){window.__has_inject_page_performance=!0;var T=new function e(){!function(e,n){if(!(e instanceof n))throw new TypeError("Cannot call a class as a function")}(this,e),O(this,"preSetTimingEntry",(function(){var e=arguments.length>0&&void 0!==arguments[0]?arguments[0]:window.performance.timing.navigationStart,n=arguments.length>1?arguments[1]:void 0;return"loading"===document.readyState?document.addEventListener("DOMContentLoaded",(function(){I(n,e)})):I(n,e),n})),O(this,"getTimingEntryInRealTime",(function(e){var n=window.performance.timing,t={};return["navigationStart","fetchStart","responseStart","responseEnd","domContentLoadedEventEnd","loadEventEnd"].forEach((function(r){t[r]=n[r]-e})),t.browseTime=Date.now()-e,t}))},j={browsePercentage:0,coreContentLoaded:0,firstScreen:0};j=T.preSetTimingEntry(p,j),window.__TG_GET_PAGE_PERFORMANCE__=function(){var e=T.getTimingEntryInRealTime(p),n=S(S({},j),e);return i(n,v,m,g)},window.__GET_PAGE_PERFORMANCE__=window.__TG_GET_PAGE_PERFORMANCE__}}catch(e){console.info(e)}}]);
[2026/1/20 21:30:12] ðŸ“ æ£€æµ‹åˆ°æ•°å€¼è¯»å–: com.anythink.UserDefaultsLoadCaps_7994534 = {
    cap = 1;
    date = "2026-01-20 13:30:06 +0000";
}
[2026/1/20 21:30:12] ðŸ“ æ£€æµ‹åˆ°æ•°å€¼è¯»å–: kGDTDeviceH265ForceResetDownGradeVersionKey = 0
[2026/1/20 21:30:12] ðŸ“ æ£€æµ‹åˆ°æ•´æ•°è¯»å–: dvmdwfrquptm = 1768911238
[2026/1/20 21:30:12] ðŸ“ æ£€æµ‹åˆ°æ•°å€¼è¯»å–: GDTDefaultUA = Mozilla/5.0 (iPhone; CPU iPhone OS 16_2 like Mac OS X) AppleWebKit/605.1.15 (KHTML, like Gecko) Mobile/15E148
[2026/1/20 21:30:12] ðŸ“ æ£€æµ‹åˆ°æ•°å€¼è¯»å–: GDTDefaultUA = Mozilla/5.0 (iPhone; CPU iPhone OS 16_2 like Mac OS X) AppleWebKit/605.1.15 (KHTML, like Gecko) Mobile/15E148
[2026/1/20 21:30:12] ðŸ“ æ£€æµ‹åˆ°æ•°å€¼è¯»å–: com.anythink.UserDefaultsLoadCaps_7994535 = {
    cap = 1;
    date = "2026-01-20 13:30:07 +0000";
}
[2026/1/20 21:30:12] ðŸ“ æ£€æµ‹åˆ°æ•°å€¼è¯»å–: kGDTDeviceH265ForceResetDownGradeVersionKey = 0
[2026/1/20 21:30:12] ðŸ“ æ£€æµ‹åˆ°æ•´æ•°è¯»å–: dvmdwfrquptm = 1768911238
[2026/1/20 21:30:12] ðŸ“ æ£€æµ‹åˆ°æ•°å€¼è¯»å–: GDTDefaultUA = Mozilla/5.0 (iPhone; CPU iPhone OS 16_2 like Mac OS X) AppleWebKit/605.1.15 (KHTML, like Gecko) Mobile/15E148
[2026/1/20 21:30:12] ðŸ“ æ£€æµ‹åˆ°æ•°å€¼è¯»å–: GDTDefaultUA = Mozilla/5.0 (iPhone; CPU iPhone OS 16_2 like Mac OS X) AppleWebKit/605.1.15 (KHTML, like Gecko) Mobile/15E148
[2026/1/20 21:30:12] ðŸ“ æ£€æµ‹åˆ°æ•°å€¼è¯»å–: com.anythink.UserDefaultsLoadCaps_11574697 = {
    cap = 1;
    date = "2026-01-20 13:30:06 +0000";
}
[2026/1/20 21:30:12] ðŸ“ æ£€æµ‹åˆ°æ•°å€¼è¯»å–: kCSJReportAppEnvDateKey = 2026-01-19 21:51:47 +0000
[2026/1/20 21:30:12] ðŸ“ æ£€æµ‹åˆ°æ•´æ•°è¯»å–: csj_app_open_cnt = 13
[2026/1/20 21:30:12] ðŸ“ æ£€æµ‹åˆ°æ•°å€¼è¯»å–: 1371-1-tb-sdi = {length = 173, bytes = 0x42565230 68445675 51477135 5a663471 ... 4e734744 5977452a }
[2026/1/20 21:30:12] ðŸ“ æ£€æµ‹åˆ°æ•°å€¼è¯»å–: com.anythink.UserDefaultsLoadCaps_11574698 = {
    cap = 1;
    date = "2026-01-20 13:30:07 +0000";
}
[2026/1/20 21:30:12] ðŸ“ æ£€æµ‹åˆ°æ•°å€¼è¯»å–: kCSJReportAppEnvDateKey = 2026-01-19 21:51:47 +0000
[2026/1/20 21:30:12] ðŸ“ æ£€æµ‹åˆ°æ•´æ•°è¯»å–: csj_app_open_cnt = 13
[2026/1/20 21:30:12] ðŸ“ æ£€æµ‹åˆ°æ•°å€¼è¯»å–: 1371-1-tb-sdi = {length = 173, bytes = 0x42565230 68445675 51477135 5a663471 ... 4e734744 5977452a }
[2026/1/20 21:30:12] ðŸ“ æ£€æµ‹åˆ°æ•°å€¼è¯»å–: com.anythink.UserDefaultsLoadCaps_7994536 = {
    cap = 1;
    date = "2026-01-20 13:30:07 +0000";
}
[2026/1/20 21:30:12] ðŸ“ æ£€æµ‹åˆ°æ•°å€¼è¯»å–: kGDTDeviceH265ForceResetDownGradeVersionKey = 0
[2026/1/20 21:30:12] ðŸ“ æ£€æµ‹åˆ°æ•´æ•°è¯»å–: dvmdwfrquptm = 1768911238
[2026/1/20 21:30:12] ðŸ“ æ£€æµ‹åˆ°æ•°å€¼è¯»å–: GDTDefaultUA = Mozilla/5.0 (iPhone; CPU iPhone OS 16_2 like Mac OS X) AppleWebKit/605.1.15 (KHTML, like Gecko) Mobile/15E148
[2026/1/20 21:30:12] ðŸ“ æ£€æµ‹åˆ°æ•°å€¼è¯»å–: GDTDefaultUA = Mozilla/5.0 (iPhone; CPU iPhone OS 16_2 like Mac OS X) AppleWebKit/605.1.15 (KHTML, like Gecko) Mobile/15E148
[2026/1/20 21:30:12] ðŸ“ æ£€æµ‹åˆ°æ•°å€¼è¯»å–: com.anythink.UserDefaultsLoadCaps_7994537 = {
    cap = 1;
    date = "2026-01-20 13:30:07 +0000";
}
[2026/1/20 21:30:12] ðŸ“ æ£€æµ‹åˆ°æ•°å€¼è¯»å–: kGDTDeviceH265ForceResetDownGradeVersionKey = 0
[2026/1/20 21:30:12] ðŸ“ æ£€æµ‹åˆ°æ•´æ•°è¯»å–: dvmdwfrquptm = 1768911238
[2026/1/20 21:30:12] ðŸ“ æ£€æµ‹åˆ°æ•°å€¼è¯»å–: GDTDefaultUA = Mozilla/5.0 (iPhone; CPU iPhone OS 16_2 like Mac OS X) AppleWebKit/605.1.15 (KHTML, like Gecko) Mobile/15E148
[2026/1/20 21:30:12] ðŸ“ æ£€æµ‹åˆ°æ•°å€¼è¯»å–: com.anythink.UserDefaultsLoadCaps_11574699 = {
    cap = 1;
    date = "2026-01-20 13:30:07 +0000";
}
[2026/1/20 21:30:12] ðŸ“ æ£€æµ‹åˆ°æ•°å€¼è¯»å–: kCSJReportAppEnvDateKey = 2026-01-19 21:51:47 +0000
[2026/1/20 21:30:12] ðŸ“ æ£€æµ‹åˆ°æ•´æ•°è¯»å–: csj_app_open_cnt = 13
[2026/1/20 21:30:12] ðŸ“ æ£€æµ‹åˆ°æ•°å€¼è¯»å–: 1371-1-tb-sdi = {length = 173, bytes = 0x42565230 68445675 51477135 5a663471 ... 4e734744 5977452a }
[2026/1/20 21:30:12] ðŸ“ æ£€æµ‹åˆ°æ•°å€¼è¯»å–: com.anythink.UserDefaultsLoadCaps_7994538 = {
    cap = 3;
    date = "2026-01-20 13:10:42 +0000";
}
[2026/1/20 21:30:12] ðŸ“ æ£€æµ‹åˆ°æ•°å€¼è¯»å–: kGDTDeviceH265ForceResetDownGradeVersionKey = 0
[2026/1/20 21:30:12] ðŸ“ æ£€æµ‹åˆ°æ•´æ•°è¯»å–: dvmdwfrquptm = 1768911238
[2026/1/20 21:30:12] ðŸ“ æ£€æµ‹åˆ°æ•°å€¼è¯»å–: GDTDefaultUA = Mozilla/5.0 (iPhone; CPU iPhone OS 16_2 like Mac OS X) AppleWebKit/605.1.15 (KHTML, like Gecko) Mobile/15E148
[2026/1/20 21:30:12] ðŸ“ æ£€æµ‹åˆ°æ•°å€¼è¯»å–: GDTDefaultUA = Mozilla/5.0 (iPhone; CPU iPhone OS 16_2 like Mac OS X) AppleWebKit/605.1.15 (KHTML, like Gecko) Mobile/15E148
[2026/1/20 21:30:12] ðŸ“ æ£€æµ‹åˆ°æ•°å€¼è¯»å–: GDTDefaultUA = Mozilla/5.0 (iPhone; CPU iPhone OS 16_2 like Mac OS X) AppleWebKit/605.1.15 (KHTML, like Gecko) Mobile/15E148
[2026/1/20 21:30:12] ðŸ“ æ£€æµ‹åˆ°æ•°å€¼è¯»å–: com.anythink.UserDefaultsLoadCaps_7994539 = {
    cap = 3;
    date = "2026-01-20 13:10:43 +0000";
}
[2026/1/20 21:30:12] ðŸ“ æ£€æµ‹åˆ°æ•°å€¼è¯»å–: kGDTDeviceH265ForceResetDownGradeVersionKey = 0
[2026/1/20 21:30:12] ðŸ“ æ£€æµ‹åˆ°æ•´æ•°è¯»å–: dvmdwfrquptm = 1768911238
[2026/1/20 21:30:12] ðŸ“ æ£€æµ‹åˆ°æ•°å€¼è¯»å–: GDTDefaultUA = Mozilla/5.0 (iPhone; CPU iPhone OS 16_2 like Mac OS X) AppleWebKit/605.1.15 (KHTML, like Gecko) Mobile/15E148
[2026/1/20 21:30:12] ðŸ“ æ£€æµ‹åˆ°æ•°å€¼è¯»å–: com.anythink.UserDefaultsLoadCaps_11574700 = {
    cap = 3;
    date = "2026-01-20 13:10:43 +0000";
}
[2026/1/20 21:30:12] ðŸ“ æ£€æµ‹åˆ°æ•°å€¼è¯»å–: kCSJReportAppEnvDateKey = 2026-01-19 21:51:47 +0000
[2026/1/20 21:30:12] ðŸ“ æ£€æµ‹åˆ°æ•´æ•°è¯»å–: csj_app_open_cnt = 13
[2026/1/20 21:30:13] ðŸ“ æ£€æµ‹åˆ°æ•°å€¼è¯»å–: 1371-1-tb-sdi = {length = 173, bytes = 0x42565230 68445675 51477135 5a663471 ... 4e734744 5977452a }
[2026/1/20 21:30:13] ðŸ“ æ£€æµ‹åˆ°æ•°å€¼è¯»å–: GDTDefaultUA = Mozilla/5.0 (iPhone; CPU iPhone OS 16_2 like Mac OS X) AppleWebKit/605.1.15 (KHTML, like Gecko) Mobile/15E148
[2026/1/20 21:30:13] ðŸ“ æ£€æµ‹åˆ°æ•°å€¼è¯»å–: com.anythink.UserDefaultsLoadCaps_7994540 = {
    cap = 2;
    date = "2026-01-20 13:22:08 +0000";
}
[2026/1/20 21:30:13] ðŸ“ æ£€æµ‹åˆ°æ•°å€¼è¯»å–: kGDTDeviceH265ForceResetDownGradeVersionKey = 0
[2026/1/20 21:30:13] ðŸ“ æ£€æµ‹åˆ°æ•´æ•°è¯»å–: dvmdwfrquptm = 1768911238
[2026/1/20 21:30:13] ðŸ“ æ£€æµ‹åˆ°æ•°å€¼è¯»å–: GDTDefaultUA = Mozilla/5.0 (iPhone; CPU iPhone OS 16_2 like Mac OS X) AppleWebKit/605.1.15 (KHTML, like Gecko) Mobile/15E148
[2026/1/20 21:30:13] ðŸ“ æ£€æµ‹åˆ°æ•°å€¼è¯»å–: GDTDefaultUA = Mozilla/5.0 (iPhone; CPU iPhone OS 16_2 like Mac OS X) AppleWebKit/605.1.15 (KHTML, like Gecko) Mobile/15E148
[2026/1/20 21:30:13] ðŸ“ æ£€æµ‹åˆ°æ•°å€¼è¯»å–: com.anythink.UserDefaultsLoadCaps_11574701 = {
    cap = 2;
    date = "2026-01-20 13:22:08 +0000";
}
[2026/1/20 21:30:13] ðŸ“ æ£€æµ‹åˆ°æ•°å€¼è¯»å–: kCSJReportAppEnvDateKey = 2026-01-19 21:51:47 +0000
[2026/1/20 21:30:13] ðŸ“ æ£€æµ‹åˆ°æ•´æ•°è¯»å–: csj_app_open_cnt = 13
[2026/1/20 21:30:13] ðŸ“ æ£€æµ‹åˆ°æ•°å€¼è¯»å–: 1371-1-tb-sdi = {length = 173, bytes = 0x42565230 68445675 51477135 5a663471 ... 4e734744 5977452a }
[2026/1/20 21:30:14] ðŸ“ æ£€æµ‹åˆ°æ•´æ•°è¯»å–: WebKitDebugDragLiftDelay = 0
[2026/1/20 21:30:14] ðŸ“ æ£€æµ‹åˆ°æ•´æ•°è¯»å–: WebKitDebugDragLiftDelay = 0
[2026/1/20 21:30:14] ðŸ“ æ£€æµ‹åˆ°æ•´æ•°è¯»å–: WebKitDebugDragLiftDelay = 0
[2026/1/20 21:30:14] ðŸ“ æ£€æµ‹åˆ°æ•´æ•°è¯»å–: WebKitDebugDragLiftDelay = 0
[2026/1/20 21:30:14] ðŸ“ˆ 5ç§’å†…Hookæ‹¦æˆªæ¬¡æ•°: 0
[2026/1/20 21:30:14] âš ï¸ æœªæ£€æµ‹åˆ°æ•°æ®è¯»å–ï¼Œæ¸¸æˆå¯èƒ½ä½¿ç”¨å…¶ä»–å­˜å‚¨æ–¹å¼
[2026/1/20 21:30:14] ðŸ’¡ å»ºè®®ï¼šåœ¨æ¸¸æˆä¸­è¿›è¡Œæ“ä½œï¼ˆå¦‚è´­ä¹°ã€ä½¿ç”¨ä½“åŠ›ç­‰ï¼‰è§¦å‘æ•°æ®è¯»å–
[2026/1/20 21:30:14] ðŸ“ æ£€æµ‹åˆ°æ•´æ•°è¯»å–: WebKitDebugDragLiftDelay = 0
[2026/1/20 21:30:14] ðŸ“ æ£€æµ‹åˆ°æ•´æ•°è¯»å–: WebKitDebugDragLiftDelay = 0
[2026/1/20 21:30:14] ðŸ“ æ£€æµ‹åˆ°æ•´æ•°è¯»å–: WebKitDebugDragLiftDelay = 0
[2026/1/20 21:30:14] ðŸ“ æ£€æµ‹åˆ°æ•´æ•°è¯»å–: WebKitDebugDragLiftDelay = 0
[2026/1/20 21:30:14] ðŸ“ æ£€æµ‹åˆ°æ•´æ•°è¯»å–: WebKitDebugDragLiftDelay = 0
[2026/1/20 21:30:14] ðŸ“ æ£€æµ‹åˆ°æ•´æ•°è¯»å–: WebKitDebugDragLiftDelay = 0
[2026/1/20 21:30:14] ðŸ“ æ£€æµ‹åˆ°æ•´æ•°è¯»å–: WebKitDebugDragLiftDelay = 0
[2026/1/20 21:30:14] ðŸ“ æ£€æµ‹åˆ°æ•´æ•°è¯»å–: WebKitDebugDragLiftDelay = 0
[2026/1/20 21:30:15] ðŸ“ æ£€æµ‹åˆ°æ•°å€¼è¯»å–: GDTDefaultUA = Mozilla/5.0 (iPhone; CPU iPhone OS 16_2 like Mac OS X) AppleWebKit/605.1.15 (KHTML, like Gecko) Mobile/15E148
[2026/1/20 21:30:21] ðŸ“ æ£€æµ‹åˆ°æ•°å€¼è¯»å–: GDTDefaultUA = Mozilla/5.0 (iPhone; CPU iPhone OS 16_2 like Mac OS X) AppleWebKit/605.1.15 (KHTML, like Gecko) Mobile/15E148
[2026/1/20 21:30:21] ðŸ“ æ£€æµ‹åˆ°æ•´æ•°è¯»å–: WebKitDebugDragLiftDelay = 0
[2026/1/20 21:30:21] ðŸ“ æ£€æµ‹åˆ°æ•´æ•°è¯»å–: WebKitDebugDragLiftDelay = 0
